<?xml version="1.0" encoding="UTF-8"?>
<!-- Generated by org.testng.reporters.JUnitReportReporter -->
<testsuite hostname="MAA011253A" failures="0" tests="200" name="com.RBIA.tc.TC004_RBIBasicDetails" time="23101.434" errors="17" timestamp="2021-02-18T01:58:15 IST" skipped="0">
  <testcase classname="com.RBIA.tc.TC004_RBIBasicDetails" name="basicDetails" time="150.651"/>
  <testcase classname="com.RBIA.tc.TC004_RBIBasicDetails" name="basicDetails" time="123.390"/>
  <testcase classname="com.RBIA.tc.TC004_RBIBasicDetails" name="basicDetails" time="124.251"/>
  <testcase classname="com.RBIA.tc.TC004_RBIBasicDetails" name="basicDetails" time="123.811"/>
  <testcase classname="com.RBIA.tc.TC004_RBIBasicDetails" name="basicDetails" time="124.386"/>
  <testcase classname="com.RBIA.tc.TC004_RBIBasicDetails" name="basicDetails" time="148.899"/>
  <testcase classname="com.RBIA.tc.TC004_RBIBasicDetails" name="basicDetails" time="124.505"/>
  <testcase classname="com.RBIA.tc.TC004_RBIBasicDetails" name="basicDetails" time="123.700"/>
  <testcase classname="com.RBIA.tc.TC004_RBIBasicDetails" name="basicDetails" time="124.200"/>
  <testcase classname="com.RBIA.tc.TC004_RBIBasicDetails" name="basicDetails" time="123.963"/>
  <testcase classname="com.RBIA.tc.TC004_RBIBasicDetails" name="basicDetails" time="125.153"/>
  <testcase classname="com.RBIA.tc.TC004_RBIBasicDetails" name="basicDetails" time="124.174"/>
  <testcase classname="com.RBIA.tc.TC004_RBIBasicDetails" name="basicDetails" time="96.639">
    <error message="Zip bomb detected! The file would exceed the max. ratio of compressed file size to the size of the expanded data.
This may indicate that the file is used to inflate memory usage and thus could pose a security risk.
You can adjust this limit via ZipSecureFile.setMinInflateRatio() if you need to work with files which exceed this limit.
Uncompressed size: 102403, Raw/compressed size: 1024, ratio: 0.010000
Limits: MIN_INFLATE_RATIO: 0.010000, Entry: xl/styles.xml" type="org.apache.poi.ooxml.POIXMLException">
      <![CDATA[org.apache.poi.ooxml.POIXMLException: Zip bomb detected! The file would exceed the max. ratio of compressed file size to the size of the expanded data.
This may indicate that the file is used to inflate memory usage and thus could pose a security risk.
You can adjust this limit via ZipSecureFile.setMinInflateRatio() if you need to work with files which exceed this limit.
Uncompressed size: 102403, Raw/compressed size: 1024, ratio: 0.010000
Limits: MIN_INFLATE_RATIO: 0.010000, Entry: xl/styles.xml
at org.apache.poi.ooxml.POIXMLFactory.createDocumentPart(POIXMLFactory.java:66)
at org.apache.poi.ooxml.POIXMLDocumentPart.read(POIXMLDocumentPart.java:657)
at org.apache.poi.ooxml.POIXMLDocument.load(POIXMLDocument.java:180)
at org.apache.poi.xssf.usermodel.XSSFWorkbook.<init>(XSSFWorkbook.java:286)
at org.apache.poi.xssf.usermodel.XSSFWorkbook.<init>(XSSFWorkbook.java:340)
at lib.selenium.WebDriverServiceImpl.agevalidator_asondate(WebDriverServiceImpl.java:1087)
at com.ibps.pages.PersonalDetailsPage.ageValidatorAsOnDate(PersonalDetailsPage.java:321)
at com.RBIA.tc.TC004_RBIBasicDetails.basicDetails(TC004_RBIBasicDetails.java:65)
at jdk.internal.reflect.GeneratedMethodAccessor6.invoke(Unknown Source)
at java.base/jdk.internal.reflect.DelegatingMethodAccessorImpl.invoke(Unknown Source)
at java.base/java.lang.reflect.Method.invoke(Unknown Source)
at org.testng.internal.MethodInvocationHelper.invokeMethod(MethodInvocationHelper.java:133)
at org.testng.internal.TestInvoker.invokeMethod(TestInvoker.java:584)
at org.testng.internal.TestInvoker.invokeTestMethod(TestInvoker.java:172)
at org.testng.internal.MethodRunner.runInSequence(MethodRunner.java:46)
at org.testng.internal.TestInvoker$MethodInvocationAgent.invoke(TestInvoker.java:804)
at org.testng.internal.TestInvoker.invokeTestMethods(TestInvoker.java:145)
at org.testng.internal.TestMethodWorker.invokeTestMethods(TestMethodWorker.java:146)
at org.testng.internal.TestMethodWorker.run(TestMethodWorker.java:128)
at java.base/java.util.concurrent.ThreadPoolExecutor.runWorker(Unknown Source)
at java.base/java.util.concurrent.ThreadPoolExecutor$Worker.run(Unknown Source)
at java.base/java.lang.Thread.run(Unknown Source)
Caused by: java.lang.reflect.InvocationTargetException
at jdk.internal.reflect.GeneratedConstructorAccessor53.newInstance(Unknown Source)
at java.base/jdk.internal.reflect.DelegatingConstructorAccessorImpl.newInstance(Unknown Source)
at java.base/java.lang.reflect.Constructor.newInstance(Unknown Source)
at org.apache.poi.xssf.usermodel.XSSFFactory.createDocumentPart(XSSFFactory.java:56)
at org.apache.poi.ooxml.POIXMLFactory.createDocumentPart(POIXMLFactory.java:63)
... 21 more
Caused by: java.io.IOException: Zip bomb detected! The file would exceed the max. ratio of compressed file size to the size of the expanded data.
This may indicate that the file is used to inflate memory usage and thus could pose a security risk.
You can adjust this limit via ZipSecureFile.setMinInflateRatio() if you need to work with files which exceed this limit.
Uncompressed size: 102403, Raw/compressed size: 1024, ratio: 0.010000
Limits: MIN_INFLATE_RATIO: 0.010000, Entry: xl/styles.xml
at org.apache.poi.openxml4j.util.ZipArchiveThresholdInputStream.checkThreshold(ZipArchiveThresholdInputStream.java:130)
at org.apache.poi.openxml4j.util.ZipArchiveThresholdInputStream.read(ZipArchiveThresholdInputStream.java:80)
at java.xml/com.sun.org.apache.xerces.internal.impl.XMLEntityManager$RewindableInputStream.read(Unknown Source)
at java.xml/com.sun.org.apache.xerces.internal.impl.io.UTF8Reader.read(Unknown Source)
at java.xml/com.sun.org.apache.xerces.internal.impl.XMLEntityScanner.load(Unknown Source)
at java.xml/com.sun.org.apache.xerces.internal.impl.XMLEntityScanner.scanQName(Unknown Source)
at java.xml/com.sun.org.apache.xerces.internal.impl.XMLNSDocumentScannerImpl.scanAttribute(Unknown Source)
at java.xml/com.sun.org.apache.xerces.internal.impl.XMLNSDocumentScannerImpl.scanStartElement(Unknown Source)
at java.xml/com.sun.org.apache.xerces.internal.impl.XMLDocumentFragmentScannerImpl$FragmentContentDriver.next(Unknown Source)
at java.xml/com.sun.org.apache.xerces.internal.impl.XMLDocumentScannerImpl.next(Unknown Source)
at java.xml/com.sun.org.apache.xerces.internal.impl.XMLNSDocumentScannerImpl.next(Unknown Source)
at java.xml/com.sun.org.apache.xerces.internal.impl.XMLDocumentFragmentScannerImpl.scanDocument(Unknown Source)
at java.xml/com.sun.org.apache.xerces.internal.parsers.XML11Configuration.parse(Unknown Source)
at java.xml/com.sun.org.apache.xerces.internal.parsers.XML11Configuration.parse(Unknown Source)
at java.xml/com.sun.org.apache.xerces.internal.parsers.XMLParser.parse(Unknown Source)
at java.xml/com.sun.org.apache.xerces.internal.parsers.AbstractSAXParser.parse(Unknown Source)
at java.xml/com.sun.org.apache.xerces.internal.jaxp.SAXParserImpl$JAXPSAXParser.parse(Unknown Source)
at org.apache.xmlbeans.impl.store.Locale$SaxLoader.load(Locale.java:3414)
at org.apache.xmlbeans.impl.store.Locale.parseToXmlObject(Locale.java:1272)
at org.apache.xmlbeans.impl.store.Locale.parseToXmlObject(Locale.java:1259)
at org.apache.xmlbeans.impl.schema.SchemaTypeLoaderBase.parse(SchemaTypeLoaderBase.java:345)
at org.openxmlformats.schemas.spreadsheetml.x2006.main.StyleSheetDocument$Factory.parse(Unknown Source)
at org.apache.poi.xssf.model.StylesTable.readFrom(StylesTable.java:189)
at org.apache.poi.xssf.model.StylesTable.<init>(StylesTable.java:138)
... 26 more
]]>
    </error>
  </testcase> <!-- basicDetails -->
  <testcase classname="com.RBIA.tc.TC004_RBIBasicDetails" name="basicDetails" time="124.475"/>
  <testcase classname="com.RBIA.tc.TC004_RBIBasicDetails" name="basicDetails" time="124.004"/>
  <testcase classname="com.RBIA.tc.TC004_RBIBasicDetails" name="basicDetails" time="125.448"/>
  <testcase classname="com.RBIA.tc.TC004_RBIBasicDetails" name="basicDetails" time="124.661"/>
  <testcase classname="com.RBIA.tc.TC004_RBIBasicDetails" name="basicDetails" time="124.998"/>
  <testcase classname="com.RBIA.tc.TC004_RBIBasicDetails" name="basicDetails" time="123.897"/>
  <testcase classname="com.RBIA.tc.TC004_RBIBasicDetails" name="basicDetails" time="12.817">
    <error message="Zip bomb detected! The file would exceed the max. ratio of compressed file size to the size of the expanded data.
This may indicate that the file is used to inflate memory usage and thus could pose a security risk.
You can adjust this limit via ZipSecureFile.setMinInflateRatio() if you need to work with files which exceed this limit.
Uncompressed size: 102403, Raw/compressed size: 1024, ratio: 0.010000
Limits: MIN_INFLATE_RATIO: 0.010000, Entry: xl/styles.xml" type="org.apache.poi.ooxml.POIXMLException">
      <![CDATA[org.apache.poi.ooxml.POIXMLException: Zip bomb detected! The file would exceed the max. ratio of compressed file size to the size of the expanded data.
This may indicate that the file is used to inflate memory usage and thus could pose a security risk.
You can adjust this limit via ZipSecureFile.setMinInflateRatio() if you need to work with files which exceed this limit.
Uncompressed size: 102403, Raw/compressed size: 1024, ratio: 0.010000
Limits: MIN_INFLATE_RATIO: 0.010000, Entry: xl/styles.xml
at org.apache.poi.ooxml.POIXMLFactory.createDocumentPart(POIXMLFactory.java:66)
at org.apache.poi.ooxml.POIXMLDocumentPart.read(POIXMLDocumentPart.java:657)
at org.apache.poi.ooxml.POIXMLDocument.load(POIXMLDocument.java:180)
at org.apache.poi.xssf.usermodel.XSSFWorkbook.<init>(XSSFWorkbook.java:286)
at org.apache.poi.xssf.usermodel.XSSFWorkbook.<init>(XSSFWorkbook.java:340)
at lib.selenium.WebDriverServiceImpl.agevalidator_max(WebDriverServiceImpl.java:775)
at com.ibps.pages.PersonalDetailsPage.ageValidatorMax(PersonalDetailsPage.java:308)
at com.RBIA.tc.TC004_RBIBasicDetails.basicDetails(TC004_RBIBasicDetails.java:63)
at jdk.internal.reflect.GeneratedMethodAccessor6.invoke(Unknown Source)
at java.base/jdk.internal.reflect.DelegatingMethodAccessorImpl.invoke(Unknown Source)
at java.base/java.lang.reflect.Method.invoke(Unknown Source)
at org.testng.internal.MethodInvocationHelper.invokeMethod(MethodInvocationHelper.java:133)
at org.testng.internal.TestInvoker.invokeMethod(TestInvoker.java:584)
at org.testng.internal.TestInvoker.invokeTestMethod(TestInvoker.java:172)
at org.testng.internal.MethodRunner.runInSequence(MethodRunner.java:46)
at org.testng.internal.TestInvoker$MethodInvocationAgent.invoke(TestInvoker.java:804)
at org.testng.internal.TestInvoker.invokeTestMethods(TestInvoker.java:145)
at org.testng.internal.TestMethodWorker.invokeTestMethods(TestMethodWorker.java:146)
at org.testng.internal.TestMethodWorker.run(TestMethodWorker.java:128)
at java.base/java.util.concurrent.ThreadPoolExecutor.runWorker(Unknown Source)
at java.base/java.util.concurrent.ThreadPoolExecutor$Worker.run(Unknown Source)
at java.base/java.lang.Thread.run(Unknown Source)
Caused by: java.lang.reflect.InvocationTargetException
at jdk.internal.reflect.GeneratedConstructorAccessor53.newInstance(Unknown Source)
at java.base/jdk.internal.reflect.DelegatingConstructorAccessorImpl.newInstance(Unknown Source)
at java.base/java.lang.reflect.Constructor.newInstance(Unknown Source)
at org.apache.poi.xssf.usermodel.XSSFFactory.createDocumentPart(XSSFFactory.java:56)
at org.apache.poi.ooxml.POIXMLFactory.createDocumentPart(POIXMLFactory.java:63)
... 21 more
Caused by: java.io.IOException: Zip bomb detected! The file would exceed the max. ratio of compressed file size to the size of the expanded data.
This may indicate that the file is used to inflate memory usage and thus could pose a security risk.
You can adjust this limit via ZipSecureFile.setMinInflateRatio() if you need to work with files which exceed this limit.
Uncompressed size: 102403, Raw/compressed size: 1024, ratio: 0.010000
Limits: MIN_INFLATE_RATIO: 0.010000, Entry: xl/styles.xml
at org.apache.poi.openxml4j.util.ZipArchiveThresholdInputStream.checkThreshold(ZipArchiveThresholdInputStream.java:130)
at org.apache.poi.openxml4j.util.ZipArchiveThresholdInputStream.read(ZipArchiveThresholdInputStream.java:80)
at java.xml/com.sun.org.apache.xerces.internal.impl.XMLEntityManager$RewindableInputStream.read(Unknown Source)
at java.xml/com.sun.org.apache.xerces.internal.impl.io.UTF8Reader.read(Unknown Source)
at java.xml/com.sun.org.apache.xerces.internal.impl.XMLEntityScanner.load(Unknown Source)
at java.xml/com.sun.org.apache.xerces.internal.impl.XMLEntityScanner.scanQName(Unknown Source)
at java.xml/com.sun.org.apache.xerces.internal.impl.XMLNSDocumentScannerImpl.scanAttribute(Unknown Source)
at java.xml/com.sun.org.apache.xerces.internal.impl.XMLNSDocumentScannerImpl.scanStartElement(Unknown Source)
at java.xml/com.sun.org.apache.xerces.internal.impl.XMLDocumentFragmentScannerImpl$FragmentContentDriver.next(Unknown Source)
at java.xml/com.sun.org.apache.xerces.internal.impl.XMLDocumentScannerImpl.next(Unknown Source)
at java.xml/com.sun.org.apache.xerces.internal.impl.XMLNSDocumentScannerImpl.next(Unknown Source)
at java.xml/com.sun.org.apache.xerces.internal.impl.XMLDocumentFragmentScannerImpl.scanDocument(Unknown Source)
at java.xml/com.sun.org.apache.xerces.internal.parsers.XML11Configuration.parse(Unknown Source)
at java.xml/com.sun.org.apache.xerces.internal.parsers.XML11Configuration.parse(Unknown Source)
at java.xml/com.sun.org.apache.xerces.internal.parsers.XMLParser.parse(Unknown Source)
at java.xml/com.sun.org.apache.xerces.internal.parsers.AbstractSAXParser.parse(Unknown Source)
at java.xml/com.sun.org.apache.xerces.internal.jaxp.SAXParserImpl$JAXPSAXParser.parse(Unknown Source)
at org.apache.xmlbeans.impl.store.Locale$SaxLoader.load(Locale.java:3414)
at org.apache.xmlbeans.impl.store.Locale.parseToXmlObject(Locale.java:1272)
at org.apache.xmlbeans.impl.store.Locale.parseToXmlObject(Locale.java:1259)
at org.apache.xmlbeans.impl.schema.SchemaTypeLoaderBase.parse(SchemaTypeLoaderBase.java:345)
at org.openxmlformats.schemas.spreadsheetml.x2006.main.StyleSheetDocument$Factory.parse(Unknown Source)
at org.apache.poi.xssf.model.StylesTable.readFrom(StylesTable.java:189)
at org.apache.poi.xssf.model.StylesTable.<init>(StylesTable.java:138)
... 26 more
]]>
    </error>
  </testcase> <!-- basicDetails -->
  <testcase classname="com.RBIA.tc.TC004_RBIBasicDetails" name="basicDetails" time="123.288"/>
  <testcase classname="com.RBIA.tc.TC004_RBIBasicDetails" name="basicDetails" time="123.498"/>
  <testcase classname="com.RBIA.tc.TC004_RBIBasicDetails" name="basicDetails" time="150.822"/>
  <testcase classname="com.RBIA.tc.TC004_RBIBasicDetails" name="basicDetails" time="124.735"/>
  <testcase classname="com.RBIA.tc.TC004_RBIBasicDetails" name="basicDetails" time="123.971"/>
  <testcase classname="com.RBIA.tc.TC004_RBIBasicDetails" name="basicDetails" time="124.715"/>
  <testcase classname="com.RBIA.tc.TC004_RBIBasicDetails" name="basicDetails" time="124.715"/>
  <testcase classname="com.RBIA.tc.TC004_RBIBasicDetails" name="basicDetails" time="125.529"/>
  <testcase classname="com.RBIA.tc.TC004_RBIBasicDetails" name="basicDetails" time="124.256"/>
  <testcase classname="com.RBIA.tc.TC004_RBIBasicDetails" name="basicDetails" time="123.425"/>
  <testcase classname="com.RBIA.tc.TC004_RBIBasicDetails" name="basicDetails" time="124.061"/>
  <testcase classname="com.RBIA.tc.TC004_RBIBasicDetails" name="basicDetails" time="123.938"/>
  <testcase classname="com.RBIA.tc.TC004_RBIBasicDetails" name="basicDetails" time="12.407">
    <error message="Zip bomb detected! The file would exceed the max. ratio of compressed file size to the size of the expanded data.
This may indicate that the file is used to inflate memory usage and thus could pose a security risk.
You can adjust this limit via ZipSecureFile.setMinInflateRatio() if you need to work with files which exceed this limit.
Uncompressed size: 102403, Raw/compressed size: 1024, ratio: 0.010000
Limits: MIN_INFLATE_RATIO: 0.010000, Entry: xl/styles.xml" type="org.apache.poi.ooxml.POIXMLException">
      <![CDATA[org.apache.poi.ooxml.POIXMLException: Zip bomb detected! The file would exceed the max. ratio of compressed file size to the size of the expanded data.
This may indicate that the file is used to inflate memory usage and thus could pose a security risk.
You can adjust this limit via ZipSecureFile.setMinInflateRatio() if you need to work with files which exceed this limit.
Uncompressed size: 102403, Raw/compressed size: 1024, ratio: 0.010000
Limits: MIN_INFLATE_RATIO: 0.010000, Entry: xl/styles.xml
at org.apache.poi.ooxml.POIXMLFactory.createDocumentPart(POIXMLFactory.java:66)
at org.apache.poi.ooxml.POIXMLDocumentPart.read(POIXMLDocumentPart.java:657)
at org.apache.poi.ooxml.POIXMLDocument.load(POIXMLDocument.java:180)
at org.apache.poi.xssf.usermodel.XSSFWorkbook.<init>(XSSFWorkbook.java:286)
at org.apache.poi.xssf.usermodel.XSSFWorkbook.<init>(XSSFWorkbook.java:340)
at lib.selenium.WebDriverServiceImpl.agevalidator_max(WebDriverServiceImpl.java:775)
at com.ibps.pages.PersonalDetailsPage.ageValidatorMax(PersonalDetailsPage.java:308)
at com.RBIA.tc.TC004_RBIBasicDetails.basicDetails(TC004_RBIBasicDetails.java:63)
at jdk.internal.reflect.GeneratedMethodAccessor6.invoke(Unknown Source)
at java.base/jdk.internal.reflect.DelegatingMethodAccessorImpl.invoke(Unknown Source)
at java.base/java.lang.reflect.Method.invoke(Unknown Source)
at org.testng.internal.MethodInvocationHelper.invokeMethod(MethodInvocationHelper.java:133)
at org.testng.internal.TestInvoker.invokeMethod(TestInvoker.java:584)
at org.testng.internal.TestInvoker.invokeTestMethod(TestInvoker.java:172)
at org.testng.internal.MethodRunner.runInSequence(MethodRunner.java:46)
at org.testng.internal.TestInvoker$MethodInvocationAgent.invoke(TestInvoker.java:804)
at org.testng.internal.TestInvoker.invokeTestMethods(TestInvoker.java:145)
at org.testng.internal.TestMethodWorker.invokeTestMethods(TestMethodWorker.java:146)
at org.testng.internal.TestMethodWorker.run(TestMethodWorker.java:128)
at java.base/java.util.concurrent.ThreadPoolExecutor.runWorker(Unknown Source)
at java.base/java.util.concurrent.ThreadPoolExecutor$Worker.run(Unknown Source)
at java.base/java.lang.Thread.run(Unknown Source)
Caused by: java.lang.reflect.InvocationTargetException
at jdk.internal.reflect.GeneratedConstructorAccessor53.newInstance(Unknown Source)
at java.base/jdk.internal.reflect.DelegatingConstructorAccessorImpl.newInstance(Unknown Source)
at java.base/java.lang.reflect.Constructor.newInstance(Unknown Source)
at org.apache.poi.xssf.usermodel.XSSFFactory.createDocumentPart(XSSFFactory.java:56)
at org.apache.poi.ooxml.POIXMLFactory.createDocumentPart(POIXMLFactory.java:63)
... 21 more
Caused by: java.io.IOException: Zip bomb detected! The file would exceed the max. ratio of compressed file size to the size of the expanded data.
This may indicate that the file is used to inflate memory usage and thus could pose a security risk.
You can adjust this limit via ZipSecureFile.setMinInflateRatio() if you need to work with files which exceed this limit.
Uncompressed size: 102403, Raw/compressed size: 1024, ratio: 0.010000
Limits: MIN_INFLATE_RATIO: 0.010000, Entry: xl/styles.xml
at org.apache.poi.openxml4j.util.ZipArchiveThresholdInputStream.checkThreshold(ZipArchiveThresholdInputStream.java:130)
at org.apache.poi.openxml4j.util.ZipArchiveThresholdInputStream.read(ZipArchiveThresholdInputStream.java:80)
at java.xml/com.sun.org.apache.xerces.internal.impl.XMLEntityManager$RewindableInputStream.read(Unknown Source)
at java.xml/com.sun.org.apache.xerces.internal.impl.io.UTF8Reader.read(Unknown Source)
at java.xml/com.sun.org.apache.xerces.internal.impl.XMLEntityScanner.load(Unknown Source)
at java.xml/com.sun.org.apache.xerces.internal.impl.XMLEntityScanner.scanQName(Unknown Source)
at java.xml/com.sun.org.apache.xerces.internal.impl.XMLNSDocumentScannerImpl.scanAttribute(Unknown Source)
at java.xml/com.sun.org.apache.xerces.internal.impl.XMLNSDocumentScannerImpl.scanStartElement(Unknown Source)
at java.xml/com.sun.org.apache.xerces.internal.impl.XMLDocumentFragmentScannerImpl$FragmentContentDriver.next(Unknown Source)
at java.xml/com.sun.org.apache.xerces.internal.impl.XMLDocumentScannerImpl.next(Unknown Source)
at java.xml/com.sun.org.apache.xerces.internal.impl.XMLNSDocumentScannerImpl.next(Unknown Source)
at java.xml/com.sun.org.apache.xerces.internal.impl.XMLDocumentFragmentScannerImpl.scanDocument(Unknown Source)
at java.xml/com.sun.org.apache.xerces.internal.parsers.XML11Configuration.parse(Unknown Source)
at java.xml/com.sun.org.apache.xerces.internal.parsers.XML11Configuration.parse(Unknown Source)
at java.xml/com.sun.org.apache.xerces.internal.parsers.XMLParser.parse(Unknown Source)
at java.xml/com.sun.org.apache.xerces.internal.parsers.AbstractSAXParser.parse(Unknown Source)
at java.xml/com.sun.org.apache.xerces.internal.jaxp.SAXParserImpl$JAXPSAXParser.parse(Unknown Source)
at org.apache.xmlbeans.impl.store.Locale$SaxLoader.load(Locale.java:3414)
at org.apache.xmlbeans.impl.store.Locale.parseToXmlObject(Locale.java:1272)
at org.apache.xmlbeans.impl.store.Locale.parseToXmlObject(Locale.java:1259)
at org.apache.xmlbeans.impl.schema.SchemaTypeLoaderBase.parse(SchemaTypeLoaderBase.java:345)
at org.openxmlformats.schemas.spreadsheetml.x2006.main.StyleSheetDocument$Factory.parse(Unknown Source)
at org.apache.poi.xssf.model.StylesTable.readFrom(StylesTable.java:189)
at org.apache.poi.xssf.model.StylesTable.<init>(StylesTable.java:138)
... 26 more
]]>
    </error>
  </testcase> <!-- basicDetails -->
  <testcase classname="com.RBIA.tc.TC004_RBIBasicDetails" name="basicDetails" time="124.262"/>
  <testcase classname="com.RBIA.tc.TC004_RBIBasicDetails" name="basicDetails" time="123.527"/>
  <testcase classname="com.RBIA.tc.TC004_RBIBasicDetails" name="basicDetails" time="13.029">
    <error message="Zip bomb detected! The file would exceed the max. ratio of compressed file size to the size of the expanded data.
This may indicate that the file is used to inflate memory usage and thus could pose a security risk.
You can adjust this limit via ZipSecureFile.setMinInflateRatio() if you need to work with files which exceed this limit.
Uncompressed size: 102403, Raw/compressed size: 1024, ratio: 0.010000
Limits: MIN_INFLATE_RATIO: 0.010000, Entry: xl/styles.xml" type="org.apache.poi.ooxml.POIXMLException">
      <![CDATA[org.apache.poi.ooxml.POIXMLException: Zip bomb detected! The file would exceed the max. ratio of compressed file size to the size of the expanded data.
This may indicate that the file is used to inflate memory usage and thus could pose a security risk.
You can adjust this limit via ZipSecureFile.setMinInflateRatio() if you need to work with files which exceed this limit.
Uncompressed size: 102403, Raw/compressed size: 1024, ratio: 0.010000
Limits: MIN_INFLATE_RATIO: 0.010000, Entry: xl/styles.xml
at org.apache.poi.ooxml.POIXMLFactory.createDocumentPart(POIXMLFactory.java:66)
at org.apache.poi.ooxml.POIXMLDocumentPart.read(POIXMLDocumentPart.java:657)
at org.apache.poi.ooxml.POIXMLDocument.load(POIXMLDocument.java:180)
at org.apache.poi.xssf.usermodel.XSSFWorkbook.<init>(XSSFWorkbook.java:286)
at org.apache.poi.xssf.usermodel.XSSFWorkbook.<init>(XSSFWorkbook.java:340)
at lib.selenium.WebDriverServiceImpl.agevalidator_max(WebDriverServiceImpl.java:775)
at com.ibps.pages.PersonalDetailsPage.ageValidatorMax(PersonalDetailsPage.java:308)
at com.RBIA.tc.TC004_RBIBasicDetails.basicDetails(TC004_RBIBasicDetails.java:63)
at jdk.internal.reflect.GeneratedMethodAccessor6.invoke(Unknown Source)
at java.base/jdk.internal.reflect.DelegatingMethodAccessorImpl.invoke(Unknown Source)
at java.base/java.lang.reflect.Method.invoke(Unknown Source)
at org.testng.internal.MethodInvocationHelper.invokeMethod(MethodInvocationHelper.java:133)
at org.testng.internal.TestInvoker.invokeMethod(TestInvoker.java:584)
at org.testng.internal.TestInvoker.invokeTestMethod(TestInvoker.java:172)
at org.testng.internal.MethodRunner.runInSequence(MethodRunner.java:46)
at org.testng.internal.TestInvoker$MethodInvocationAgent.invoke(TestInvoker.java:804)
at org.testng.internal.TestInvoker.invokeTestMethods(TestInvoker.java:145)
at org.testng.internal.TestMethodWorker.invokeTestMethods(TestMethodWorker.java:146)
at org.testng.internal.TestMethodWorker.run(TestMethodWorker.java:128)
at java.base/java.util.concurrent.ThreadPoolExecutor.runWorker(Unknown Source)
at java.base/java.util.concurrent.ThreadPoolExecutor$Worker.run(Unknown Source)
at java.base/java.lang.Thread.run(Unknown Source)
Caused by: java.lang.reflect.InvocationTargetException
at jdk.internal.reflect.GeneratedConstructorAccessor53.newInstance(Unknown Source)
at java.base/jdk.internal.reflect.DelegatingConstructorAccessorImpl.newInstance(Unknown Source)
at java.base/java.lang.reflect.Constructor.newInstance(Unknown Source)
at org.apache.poi.xssf.usermodel.XSSFFactory.createDocumentPart(XSSFFactory.java:56)
at org.apache.poi.ooxml.POIXMLFactory.createDocumentPart(POIXMLFactory.java:63)
... 21 more
Caused by: java.io.IOException: Zip bomb detected! The file would exceed the max. ratio of compressed file size to the size of the expanded data.
This may indicate that the file is used to inflate memory usage and thus could pose a security risk.
You can adjust this limit via ZipSecureFile.setMinInflateRatio() if you need to work with files which exceed this limit.
Uncompressed size: 102403, Raw/compressed size: 1024, ratio: 0.010000
Limits: MIN_INFLATE_RATIO: 0.010000, Entry: xl/styles.xml
at org.apache.poi.openxml4j.util.ZipArchiveThresholdInputStream.checkThreshold(ZipArchiveThresholdInputStream.java:130)
at org.apache.poi.openxml4j.util.ZipArchiveThresholdInputStream.read(ZipArchiveThresholdInputStream.java:80)
at java.xml/com.sun.org.apache.xerces.internal.impl.XMLEntityManager$RewindableInputStream.read(Unknown Source)
at java.xml/com.sun.org.apache.xerces.internal.impl.io.UTF8Reader.read(Unknown Source)
at java.xml/com.sun.org.apache.xerces.internal.impl.XMLEntityScanner.load(Unknown Source)
at java.xml/com.sun.org.apache.xerces.internal.impl.XMLEntityScanner.scanQName(Unknown Source)
at java.xml/com.sun.org.apache.xerces.internal.impl.XMLNSDocumentScannerImpl.scanAttribute(Unknown Source)
at java.xml/com.sun.org.apache.xerces.internal.impl.XMLNSDocumentScannerImpl.scanStartElement(Unknown Source)
at java.xml/com.sun.org.apache.xerces.internal.impl.XMLDocumentFragmentScannerImpl$FragmentContentDriver.next(Unknown Source)
at java.xml/com.sun.org.apache.xerces.internal.impl.XMLDocumentScannerImpl.next(Unknown Source)
at java.xml/com.sun.org.apache.xerces.internal.impl.XMLNSDocumentScannerImpl.next(Unknown Source)
at java.xml/com.sun.org.apache.xerces.internal.impl.XMLDocumentFragmentScannerImpl.scanDocument(Unknown Source)
at java.xml/com.sun.org.apache.xerces.internal.parsers.XML11Configuration.parse(Unknown Source)
at java.xml/com.sun.org.apache.xerces.internal.parsers.XML11Configuration.parse(Unknown Source)
at java.xml/com.sun.org.apache.xerces.internal.parsers.XMLParser.parse(Unknown Source)
at java.xml/com.sun.org.apache.xerces.internal.parsers.AbstractSAXParser.parse(Unknown Source)
at java.xml/com.sun.org.apache.xerces.internal.jaxp.SAXParserImpl$JAXPSAXParser.parse(Unknown Source)
at org.apache.xmlbeans.impl.store.Locale$SaxLoader.load(Locale.java:3414)
at org.apache.xmlbeans.impl.store.Locale.parseToXmlObject(Locale.java:1272)
at org.apache.xmlbeans.impl.store.Locale.parseToXmlObject(Locale.java:1259)
at org.apache.xmlbeans.impl.schema.SchemaTypeLoaderBase.parse(SchemaTypeLoaderBase.java:345)
at org.openxmlformats.schemas.spreadsheetml.x2006.main.StyleSheetDocument$Factory.parse(Unknown Source)
at org.apache.poi.xssf.model.StylesTable.readFrom(StylesTable.java:189)
at org.apache.poi.xssf.model.StylesTable.<init>(StylesTable.java:138)
... 26 more
]]>
    </error>
  </testcase> <!-- basicDetails -->
  <testcase classname="com.RBIA.tc.TC004_RBIBasicDetails" name="basicDetails" time="124.269"/>
  <testcase classname="com.RBIA.tc.TC004_RBIBasicDetails" name="basicDetails" time="123.256"/>
  <testcase classname="com.RBIA.tc.TC004_RBIBasicDetails" name="basicDetails" time="124.728"/>
  <testcase classname="com.RBIA.tc.TC004_RBIBasicDetails" name="basicDetails" time="123.661"/>
  <testcase classname="com.RBIA.tc.TC004_RBIBasicDetails" name="basicDetails" time="123.972"/>
  <testcase classname="com.RBIA.tc.TC004_RBIBasicDetails" name="basicDetails" time="123.186"/>
  <testcase classname="com.RBIA.tc.TC004_RBIBasicDetails" name="basicDetails" time="124.189"/>
  <testcase classname="com.RBIA.tc.TC004_RBIBasicDetails" name="basicDetails" time="124.275"/>
  <testcase classname="com.RBIA.tc.TC004_RBIBasicDetails" name="basicDetails" time="124.210"/>
  <testcase classname="com.RBIA.tc.TC004_RBIBasicDetails" name="basicDetails" time="12.308">
    <error message="Zip bomb detected! The file would exceed the max. ratio of compressed file size to the size of the expanded data.
This may indicate that the file is used to inflate memory usage and thus could pose a security risk.
You can adjust this limit via ZipSecureFile.setMinInflateRatio() if you need to work with files which exceed this limit.
Uncompressed size: 102403, Raw/compressed size: 1024, ratio: 0.010000
Limits: MIN_INFLATE_RATIO: 0.010000, Entry: xl/styles.xml" type="org.apache.poi.ooxml.POIXMLException">
      <![CDATA[org.apache.poi.ooxml.POIXMLException: Zip bomb detected! The file would exceed the max. ratio of compressed file size to the size of the expanded data.
This may indicate that the file is used to inflate memory usage and thus could pose a security risk.
You can adjust this limit via ZipSecureFile.setMinInflateRatio() if you need to work with files which exceed this limit.
Uncompressed size: 102403, Raw/compressed size: 1024, ratio: 0.010000
Limits: MIN_INFLATE_RATIO: 0.010000, Entry: xl/styles.xml
at org.apache.poi.ooxml.POIXMLFactory.createDocumentPart(POIXMLFactory.java:66)
at org.apache.poi.ooxml.POIXMLDocumentPart.read(POIXMLDocumentPart.java:657)
at org.apache.poi.ooxml.POIXMLDocument.load(POIXMLDocument.java:180)
at org.apache.poi.xssf.usermodel.XSSFWorkbook.<init>(XSSFWorkbook.java:286)
at org.apache.poi.xssf.usermodel.XSSFWorkbook.<init>(XSSFWorkbook.java:340)
at lib.selenium.WebDriverServiceImpl.agevalidator_max(WebDriverServiceImpl.java:775)
at com.ibps.pages.PersonalDetailsPage.ageValidatorMax(PersonalDetailsPage.java:308)
at com.RBIA.tc.TC004_RBIBasicDetails.basicDetails(TC004_RBIBasicDetails.java:63)
at jdk.internal.reflect.GeneratedMethodAccessor6.invoke(Unknown Source)
at java.base/jdk.internal.reflect.DelegatingMethodAccessorImpl.invoke(Unknown Source)
at java.base/java.lang.reflect.Method.invoke(Unknown Source)
at org.testng.internal.MethodInvocationHelper.invokeMethod(MethodInvocationHelper.java:133)
at org.testng.internal.TestInvoker.invokeMethod(TestInvoker.java:584)
at org.testng.internal.TestInvoker.invokeTestMethod(TestInvoker.java:172)
at org.testng.internal.MethodRunner.runInSequence(MethodRunner.java:46)
at org.testng.internal.TestInvoker$MethodInvocationAgent.invoke(TestInvoker.java:804)
at org.testng.internal.TestInvoker.invokeTestMethods(TestInvoker.java:145)
at org.testng.internal.TestMethodWorker.invokeTestMethods(TestMethodWorker.java:146)
at org.testng.internal.TestMethodWorker.run(TestMethodWorker.java:128)
at java.base/java.util.concurrent.ThreadPoolExecutor.runWorker(Unknown Source)
at java.base/java.util.concurrent.ThreadPoolExecutor$Worker.run(Unknown Source)
at java.base/java.lang.Thread.run(Unknown Source)
Caused by: java.lang.reflect.InvocationTargetException
at jdk.internal.reflect.GeneratedConstructorAccessor53.newInstance(Unknown Source)
at java.base/jdk.internal.reflect.DelegatingConstructorAccessorImpl.newInstance(Unknown Source)
at java.base/java.lang.reflect.Constructor.newInstance(Unknown Source)
at org.apache.poi.xssf.usermodel.XSSFFactory.createDocumentPart(XSSFFactory.java:56)
at org.apache.poi.ooxml.POIXMLFactory.createDocumentPart(POIXMLFactory.java:63)
... 21 more
Caused by: java.io.IOException: Zip bomb detected! The file would exceed the max. ratio of compressed file size to the size of the expanded data.
This may indicate that the file is used to inflate memory usage and thus could pose a security risk.
You can adjust this limit via ZipSecureFile.setMinInflateRatio() if you need to work with files which exceed this limit.
Uncompressed size: 102403, Raw/compressed size: 1024, ratio: 0.010000
Limits: MIN_INFLATE_RATIO: 0.010000, Entry: xl/styles.xml
at org.apache.poi.openxml4j.util.ZipArchiveThresholdInputStream.checkThreshold(ZipArchiveThresholdInputStream.java:130)
at org.apache.poi.openxml4j.util.ZipArchiveThresholdInputStream.read(ZipArchiveThresholdInputStream.java:80)
at java.xml/com.sun.org.apache.xerces.internal.impl.XMLEntityManager$RewindableInputStream.read(Unknown Source)
at java.xml/com.sun.org.apache.xerces.internal.impl.io.UTF8Reader.read(Unknown Source)
at java.xml/com.sun.org.apache.xerces.internal.impl.XMLEntityScanner.load(Unknown Source)
at java.xml/com.sun.org.apache.xerces.internal.impl.XMLEntityScanner.scanQName(Unknown Source)
at java.xml/com.sun.org.apache.xerces.internal.impl.XMLNSDocumentScannerImpl.scanAttribute(Unknown Source)
at java.xml/com.sun.org.apache.xerces.internal.impl.XMLNSDocumentScannerImpl.scanStartElement(Unknown Source)
at java.xml/com.sun.org.apache.xerces.internal.impl.XMLDocumentFragmentScannerImpl$FragmentContentDriver.next(Unknown Source)
at java.xml/com.sun.org.apache.xerces.internal.impl.XMLDocumentScannerImpl.next(Unknown Source)
at java.xml/com.sun.org.apache.xerces.internal.impl.XMLNSDocumentScannerImpl.next(Unknown Source)
at java.xml/com.sun.org.apache.xerces.internal.impl.XMLDocumentFragmentScannerImpl.scanDocument(Unknown Source)
at java.xml/com.sun.org.apache.xerces.internal.parsers.XML11Configuration.parse(Unknown Source)
at java.xml/com.sun.org.apache.xerces.internal.parsers.XML11Configuration.parse(Unknown Source)
at java.xml/com.sun.org.apache.xerces.internal.parsers.XMLParser.parse(Unknown Source)
at java.xml/com.sun.org.apache.xerces.internal.parsers.AbstractSAXParser.parse(Unknown Source)
at java.xml/com.sun.org.apache.xerces.internal.jaxp.SAXParserImpl$JAXPSAXParser.parse(Unknown Source)
at org.apache.xmlbeans.impl.store.Locale$SaxLoader.load(Locale.java:3414)
at org.apache.xmlbeans.impl.store.Locale.parseToXmlObject(Locale.java:1272)
at org.apache.xmlbeans.impl.store.Locale.parseToXmlObject(Locale.java:1259)
at org.apache.xmlbeans.impl.schema.SchemaTypeLoaderBase.parse(SchemaTypeLoaderBase.java:345)
at org.openxmlformats.schemas.spreadsheetml.x2006.main.StyleSheetDocument$Factory.parse(Unknown Source)
at org.apache.poi.xssf.model.StylesTable.readFrom(StylesTable.java:189)
at org.apache.poi.xssf.model.StylesTable.<init>(StylesTable.java:138)
... 26 more
]]>
    </error>
  </testcase> <!-- basicDetails -->
  <testcase classname="com.RBIA.tc.TC004_RBIBasicDetails" name="basicDetails" time="124.186"/>
  <testcase classname="com.RBIA.tc.TC004_RBIBasicDetails" name="basicDetails" time="12.182">
    <error message="Zip bomb detected! The file would exceed the max. ratio of compressed file size to the size of the expanded data.
This may indicate that the file is used to inflate memory usage and thus could pose a security risk.
You can adjust this limit via ZipSecureFile.setMinInflateRatio() if you need to work with files which exceed this limit.
Uncompressed size: 102403, Raw/compressed size: 1024, ratio: 0.010000
Limits: MIN_INFLATE_RATIO: 0.010000, Entry: xl/styles.xml" type="org.apache.poi.ooxml.POIXMLException">
      <![CDATA[org.apache.poi.ooxml.POIXMLException: Zip bomb detected! The file would exceed the max. ratio of compressed file size to the size of the expanded data.
This may indicate that the file is used to inflate memory usage and thus could pose a security risk.
You can adjust this limit via ZipSecureFile.setMinInflateRatio() if you need to work with files which exceed this limit.
Uncompressed size: 102403, Raw/compressed size: 1024, ratio: 0.010000
Limits: MIN_INFLATE_RATIO: 0.010000, Entry: xl/styles.xml
at org.apache.poi.ooxml.POIXMLFactory.createDocumentPart(POIXMLFactory.java:66)
at org.apache.poi.ooxml.POIXMLDocumentPart.read(POIXMLDocumentPart.java:657)
at org.apache.poi.ooxml.POIXMLDocument.load(POIXMLDocument.java:180)
at org.apache.poi.xssf.usermodel.XSSFWorkbook.<init>(XSSFWorkbook.java:286)
at org.apache.poi.xssf.usermodel.XSSFWorkbook.<init>(XSSFWorkbook.java:340)
at lib.selenium.WebDriverServiceImpl.agevalidator_max(WebDriverServiceImpl.java:775)
at com.ibps.pages.PersonalDetailsPage.ageValidatorMax(PersonalDetailsPage.java:308)
at com.RBIA.tc.TC004_RBIBasicDetails.basicDetails(TC004_RBIBasicDetails.java:63)
at jdk.internal.reflect.GeneratedMethodAccessor6.invoke(Unknown Source)
at java.base/jdk.internal.reflect.DelegatingMethodAccessorImpl.invoke(Unknown Source)
at java.base/java.lang.reflect.Method.invoke(Unknown Source)
at org.testng.internal.MethodInvocationHelper.invokeMethod(MethodInvocationHelper.java:133)
at org.testng.internal.TestInvoker.invokeMethod(TestInvoker.java:584)
at org.testng.internal.TestInvoker.invokeTestMethod(TestInvoker.java:172)
at org.testng.internal.MethodRunner.runInSequence(MethodRunner.java:46)
at org.testng.internal.TestInvoker$MethodInvocationAgent.invoke(TestInvoker.java:804)
at org.testng.internal.TestInvoker.invokeTestMethods(TestInvoker.java:145)
at org.testng.internal.TestMethodWorker.invokeTestMethods(TestMethodWorker.java:146)
at org.testng.internal.TestMethodWorker.run(TestMethodWorker.java:128)
at java.base/java.util.concurrent.ThreadPoolExecutor.runWorker(Unknown Source)
at java.base/java.util.concurrent.ThreadPoolExecutor$Worker.run(Unknown Source)
at java.base/java.lang.Thread.run(Unknown Source)
Caused by: java.lang.reflect.InvocationTargetException
at jdk.internal.reflect.GeneratedConstructorAccessor53.newInstance(Unknown Source)
at java.base/jdk.internal.reflect.DelegatingConstructorAccessorImpl.newInstance(Unknown Source)
at java.base/java.lang.reflect.Constructor.newInstance(Unknown Source)
at org.apache.poi.xssf.usermodel.XSSFFactory.createDocumentPart(XSSFFactory.java:56)
at org.apache.poi.ooxml.POIXMLFactory.createDocumentPart(POIXMLFactory.java:63)
... 21 more
Caused by: java.io.IOException: Zip bomb detected! The file would exceed the max. ratio of compressed file size to the size of the expanded data.
This may indicate that the file is used to inflate memory usage and thus could pose a security risk.
You can adjust this limit via ZipSecureFile.setMinInflateRatio() if you need to work with files which exceed this limit.
Uncompressed size: 102403, Raw/compressed size: 1024, ratio: 0.010000
Limits: MIN_INFLATE_RATIO: 0.010000, Entry: xl/styles.xml
at org.apache.poi.openxml4j.util.ZipArchiveThresholdInputStream.checkThreshold(ZipArchiveThresholdInputStream.java:130)
at org.apache.poi.openxml4j.util.ZipArchiveThresholdInputStream.read(ZipArchiveThresholdInputStream.java:80)
at java.xml/com.sun.org.apache.xerces.internal.impl.XMLEntityManager$RewindableInputStream.read(Unknown Source)
at java.xml/com.sun.org.apache.xerces.internal.impl.io.UTF8Reader.read(Unknown Source)
at java.xml/com.sun.org.apache.xerces.internal.impl.XMLEntityScanner.load(Unknown Source)
at java.xml/com.sun.org.apache.xerces.internal.impl.XMLEntityScanner.scanQName(Unknown Source)
at java.xml/com.sun.org.apache.xerces.internal.impl.XMLNSDocumentScannerImpl.scanAttribute(Unknown Source)
at java.xml/com.sun.org.apache.xerces.internal.impl.XMLNSDocumentScannerImpl.scanStartElement(Unknown Source)
at java.xml/com.sun.org.apache.xerces.internal.impl.XMLDocumentFragmentScannerImpl$FragmentContentDriver.next(Unknown Source)
at java.xml/com.sun.org.apache.xerces.internal.impl.XMLDocumentScannerImpl.next(Unknown Source)
at java.xml/com.sun.org.apache.xerces.internal.impl.XMLNSDocumentScannerImpl.next(Unknown Source)
at java.xml/com.sun.org.apache.xerces.internal.impl.XMLDocumentFragmentScannerImpl.scanDocument(Unknown Source)
at java.xml/com.sun.org.apache.xerces.internal.parsers.XML11Configuration.parse(Unknown Source)
at java.xml/com.sun.org.apache.xerces.internal.parsers.XML11Configuration.parse(Unknown Source)
at java.xml/com.sun.org.apache.xerces.internal.parsers.XMLParser.parse(Unknown Source)
at java.xml/com.sun.org.apache.xerces.internal.parsers.AbstractSAXParser.parse(Unknown Source)
at java.xml/com.sun.org.apache.xerces.internal.jaxp.SAXParserImpl$JAXPSAXParser.parse(Unknown Source)
at org.apache.xmlbeans.impl.store.Locale$SaxLoader.load(Locale.java:3414)
at org.apache.xmlbeans.impl.store.Locale.parseToXmlObject(Locale.java:1272)
at org.apache.xmlbeans.impl.store.Locale.parseToXmlObject(Locale.java:1259)
at org.apache.xmlbeans.impl.schema.SchemaTypeLoaderBase.parse(SchemaTypeLoaderBase.java:345)
at org.openxmlformats.schemas.spreadsheetml.x2006.main.StyleSheetDocument$Factory.parse(Unknown Source)
at org.apache.poi.xssf.model.StylesTable.readFrom(StylesTable.java:189)
at org.apache.poi.xssf.model.StylesTable.<init>(StylesTable.java:138)
... 26 more
]]>
    </error>
  </testcase> <!-- basicDetails -->
  <testcase classname="com.RBIA.tc.TC004_RBIBasicDetails" name="basicDetails" time="123.642"/>
  <testcase classname="com.RBIA.tc.TC004_RBIBasicDetails" name="basicDetails" time="123.246"/>
  <testcase classname="com.RBIA.tc.TC004_RBIBasicDetails" name="basicDetails" time="122.892"/>
  <testcase classname="com.RBIA.tc.TC004_RBIBasicDetails" name="basicDetails" time="123.492"/>
  <testcase classname="com.RBIA.tc.TC004_RBIBasicDetails" name="basicDetails" time="123.228"/>
  <testcase classname="com.RBIA.tc.TC004_RBIBasicDetails" name="basicDetails" time="123.317"/>
  <testcase classname="com.RBIA.tc.TC004_RBIBasicDetails" name="basicDetails" time="124.400"/>
  <testcase classname="com.RBIA.tc.TC004_RBIBasicDetails" name="basicDetails" time="11.960">
    <error message="Zip bomb detected! The file would exceed the max. ratio of compressed file size to the size of the expanded data.
This may indicate that the file is used to inflate memory usage and thus could pose a security risk.
You can adjust this limit via ZipSecureFile.setMinInflateRatio() if you need to work with files which exceed this limit.
Uncompressed size: 102403, Raw/compressed size: 1024, ratio: 0.010000
Limits: MIN_INFLATE_RATIO: 0.010000, Entry: xl/styles.xml" type="org.apache.poi.ooxml.POIXMLException">
      <![CDATA[org.apache.poi.ooxml.POIXMLException: Zip bomb detected! The file would exceed the max. ratio of compressed file size to the size of the expanded data.
This may indicate that the file is used to inflate memory usage and thus could pose a security risk.
You can adjust this limit via ZipSecureFile.setMinInflateRatio() if you need to work with files which exceed this limit.
Uncompressed size: 102403, Raw/compressed size: 1024, ratio: 0.010000
Limits: MIN_INFLATE_RATIO: 0.010000, Entry: xl/styles.xml
at org.apache.poi.ooxml.POIXMLFactory.createDocumentPart(POIXMLFactory.java:66)
at org.apache.poi.ooxml.POIXMLDocumentPart.read(POIXMLDocumentPart.java:657)
at org.apache.poi.ooxml.POIXMLDocument.load(POIXMLDocument.java:180)
at org.apache.poi.xssf.usermodel.XSSFWorkbook.<init>(XSSFWorkbook.java:286)
at org.apache.poi.xssf.usermodel.XSSFWorkbook.<init>(XSSFWorkbook.java:340)
at lib.selenium.WebDriverServiceImpl.agevalidator_max(WebDriverServiceImpl.java:775)
at com.ibps.pages.PersonalDetailsPage.ageValidatorMax(PersonalDetailsPage.java:308)
at com.RBIA.tc.TC004_RBIBasicDetails.basicDetails(TC004_RBIBasicDetails.java:63)
at jdk.internal.reflect.GeneratedMethodAccessor6.invoke(Unknown Source)
at java.base/jdk.internal.reflect.DelegatingMethodAccessorImpl.invoke(Unknown Source)
at java.base/java.lang.reflect.Method.invoke(Unknown Source)
at org.testng.internal.MethodInvocationHelper.invokeMethod(MethodInvocationHelper.java:133)
at org.testng.internal.TestInvoker.invokeMethod(TestInvoker.java:584)
at org.testng.internal.TestInvoker.invokeTestMethod(TestInvoker.java:172)
at org.testng.internal.MethodRunner.runInSequence(MethodRunner.java:46)
at org.testng.internal.TestInvoker$MethodInvocationAgent.invoke(TestInvoker.java:804)
at org.testng.internal.TestInvoker.invokeTestMethods(TestInvoker.java:145)
at org.testng.internal.TestMethodWorker.invokeTestMethods(TestMethodWorker.java:146)
at org.testng.internal.TestMethodWorker.run(TestMethodWorker.java:128)
at java.base/java.util.concurrent.ThreadPoolExecutor.runWorker(Unknown Source)
at java.base/java.util.concurrent.ThreadPoolExecutor$Worker.run(Unknown Source)
at java.base/java.lang.Thread.run(Unknown Source)
Caused by: java.lang.reflect.InvocationTargetException
at jdk.internal.reflect.GeneratedConstructorAccessor53.newInstance(Unknown Source)
at java.base/jdk.internal.reflect.DelegatingConstructorAccessorImpl.newInstance(Unknown Source)
at java.base/java.lang.reflect.Constructor.newInstance(Unknown Source)
at org.apache.poi.xssf.usermodel.XSSFFactory.createDocumentPart(XSSFFactory.java:56)
at org.apache.poi.ooxml.POIXMLFactory.createDocumentPart(POIXMLFactory.java:63)
... 21 more
Caused by: java.io.IOException: Zip bomb detected! The file would exceed the max. ratio of compressed file size to the size of the expanded data.
This may indicate that the file is used to inflate memory usage and thus could pose a security risk.
You can adjust this limit via ZipSecureFile.setMinInflateRatio() if you need to work with files which exceed this limit.
Uncompressed size: 102403, Raw/compressed size: 1024, ratio: 0.010000
Limits: MIN_INFLATE_RATIO: 0.010000, Entry: xl/styles.xml
at org.apache.poi.openxml4j.util.ZipArchiveThresholdInputStream.checkThreshold(ZipArchiveThresholdInputStream.java:130)
at org.apache.poi.openxml4j.util.ZipArchiveThresholdInputStream.read(ZipArchiveThresholdInputStream.java:80)
at java.xml/com.sun.org.apache.xerces.internal.impl.XMLEntityManager$RewindableInputStream.read(Unknown Source)
at java.xml/com.sun.org.apache.xerces.internal.impl.io.UTF8Reader.read(Unknown Source)
at java.xml/com.sun.org.apache.xerces.internal.impl.XMLEntityScanner.load(Unknown Source)
at java.xml/com.sun.org.apache.xerces.internal.impl.XMLEntityScanner.scanQName(Unknown Source)
at java.xml/com.sun.org.apache.xerces.internal.impl.XMLNSDocumentScannerImpl.scanAttribute(Unknown Source)
at java.xml/com.sun.org.apache.xerces.internal.impl.XMLNSDocumentScannerImpl.scanStartElement(Unknown Source)
at java.xml/com.sun.org.apache.xerces.internal.impl.XMLDocumentFragmentScannerImpl$FragmentContentDriver.next(Unknown Source)
at java.xml/com.sun.org.apache.xerces.internal.impl.XMLDocumentScannerImpl.next(Unknown Source)
at java.xml/com.sun.org.apache.xerces.internal.impl.XMLNSDocumentScannerImpl.next(Unknown Source)
at java.xml/com.sun.org.apache.xerces.internal.impl.XMLDocumentFragmentScannerImpl.scanDocument(Unknown Source)
at java.xml/com.sun.org.apache.xerces.internal.parsers.XML11Configuration.parse(Unknown Source)
at java.xml/com.sun.org.apache.xerces.internal.parsers.XML11Configuration.parse(Unknown Source)
at java.xml/com.sun.org.apache.xerces.internal.parsers.XMLParser.parse(Unknown Source)
at java.xml/com.sun.org.apache.xerces.internal.parsers.AbstractSAXParser.parse(Unknown Source)
at java.xml/com.sun.org.apache.xerces.internal.jaxp.SAXParserImpl$JAXPSAXParser.parse(Unknown Source)
at org.apache.xmlbeans.impl.store.Locale$SaxLoader.load(Locale.java:3414)
at org.apache.xmlbeans.impl.store.Locale.parseToXmlObject(Locale.java:1272)
at org.apache.xmlbeans.impl.store.Locale.parseToXmlObject(Locale.java:1259)
at org.apache.xmlbeans.impl.schema.SchemaTypeLoaderBase.parse(SchemaTypeLoaderBase.java:345)
at org.openxmlformats.schemas.spreadsheetml.x2006.main.StyleSheetDocument$Factory.parse(Unknown Source)
at org.apache.poi.xssf.model.StylesTable.readFrom(StylesTable.java:189)
at org.apache.poi.xssf.model.StylesTable.<init>(StylesTable.java:138)
... 26 more
]]>
    </error>
  </testcase> <!-- basicDetails -->
  <testcase classname="com.RBIA.tc.TC004_RBIBasicDetails" name="basicDetails" time="12.216">
    <error message="Zip bomb detected! The file would exceed the max. ratio of compressed file size to the size of the expanded data.
This may indicate that the file is used to inflate memory usage and thus could pose a security risk.
You can adjust this limit via ZipSecureFile.setMinInflateRatio() if you need to work with files which exceed this limit.
Uncompressed size: 102403, Raw/compressed size: 1024, ratio: 0.010000
Limits: MIN_INFLATE_RATIO: 0.010000, Entry: xl/styles.xml" type="org.apache.poi.ooxml.POIXMLException">
      <![CDATA[org.apache.poi.ooxml.POIXMLException: Zip bomb detected! The file would exceed the max. ratio of compressed file size to the size of the expanded data.
This may indicate that the file is used to inflate memory usage and thus could pose a security risk.
You can adjust this limit via ZipSecureFile.setMinInflateRatio() if you need to work with files which exceed this limit.
Uncompressed size: 102403, Raw/compressed size: 1024, ratio: 0.010000
Limits: MIN_INFLATE_RATIO: 0.010000, Entry: xl/styles.xml
at org.apache.poi.ooxml.POIXMLFactory.createDocumentPart(POIXMLFactory.java:66)
at org.apache.poi.ooxml.POIXMLDocumentPart.read(POIXMLDocumentPart.java:657)
at org.apache.poi.ooxml.POIXMLDocument.load(POIXMLDocument.java:180)
at org.apache.poi.xssf.usermodel.XSSFWorkbook.<init>(XSSFWorkbook.java:286)
at org.apache.poi.xssf.usermodel.XSSFWorkbook.<init>(XSSFWorkbook.java:340)
at lib.selenium.WebDriverServiceImpl.agevalidator_max(WebDriverServiceImpl.java:775)
at com.ibps.pages.PersonalDetailsPage.ageValidatorMax(PersonalDetailsPage.java:308)
at com.RBIA.tc.TC004_RBIBasicDetails.basicDetails(TC004_RBIBasicDetails.java:63)
at jdk.internal.reflect.GeneratedMethodAccessor6.invoke(Unknown Source)
at java.base/jdk.internal.reflect.DelegatingMethodAccessorImpl.invoke(Unknown Source)
at java.base/java.lang.reflect.Method.invoke(Unknown Source)
at org.testng.internal.MethodInvocationHelper.invokeMethod(MethodInvocationHelper.java:133)
at org.testng.internal.TestInvoker.invokeMethod(TestInvoker.java:584)
at org.testng.internal.TestInvoker.invokeTestMethod(TestInvoker.java:172)
at org.testng.internal.MethodRunner.runInSequence(MethodRunner.java:46)
at org.testng.internal.TestInvoker$MethodInvocationAgent.invoke(TestInvoker.java:804)
at org.testng.internal.TestInvoker.invokeTestMethods(TestInvoker.java:145)
at org.testng.internal.TestMethodWorker.invokeTestMethods(TestMethodWorker.java:146)
at org.testng.internal.TestMethodWorker.run(TestMethodWorker.java:128)
at java.base/java.util.concurrent.ThreadPoolExecutor.runWorker(Unknown Source)
at java.base/java.util.concurrent.ThreadPoolExecutor$Worker.run(Unknown Source)
at java.base/java.lang.Thread.run(Unknown Source)
Caused by: java.lang.reflect.InvocationTargetException
at jdk.internal.reflect.GeneratedConstructorAccessor53.newInstance(Unknown Source)
at java.base/jdk.internal.reflect.DelegatingConstructorAccessorImpl.newInstance(Unknown Source)
at java.base/java.lang.reflect.Constructor.newInstance(Unknown Source)
at org.apache.poi.xssf.usermodel.XSSFFactory.createDocumentPart(XSSFFactory.java:56)
at org.apache.poi.ooxml.POIXMLFactory.createDocumentPart(POIXMLFactory.java:63)
... 21 more
Caused by: java.io.IOException: Zip bomb detected! The file would exceed the max. ratio of compressed file size to the size of the expanded data.
This may indicate that the file is used to inflate memory usage and thus could pose a security risk.
You can adjust this limit via ZipSecureFile.setMinInflateRatio() if you need to work with files which exceed this limit.
Uncompressed size: 102403, Raw/compressed size: 1024, ratio: 0.010000
Limits: MIN_INFLATE_RATIO: 0.010000, Entry: xl/styles.xml
at org.apache.poi.openxml4j.util.ZipArchiveThresholdInputStream.checkThreshold(ZipArchiveThresholdInputStream.java:130)
at org.apache.poi.openxml4j.util.ZipArchiveThresholdInputStream.read(ZipArchiveThresholdInputStream.java:80)
at java.xml/com.sun.org.apache.xerces.internal.impl.XMLEntityManager$RewindableInputStream.read(Unknown Source)
at java.xml/com.sun.org.apache.xerces.internal.impl.io.UTF8Reader.read(Unknown Source)
at java.xml/com.sun.org.apache.xerces.internal.impl.XMLEntityScanner.load(Unknown Source)
at java.xml/com.sun.org.apache.xerces.internal.impl.XMLEntityScanner.scanQName(Unknown Source)
at java.xml/com.sun.org.apache.xerces.internal.impl.XMLNSDocumentScannerImpl.scanAttribute(Unknown Source)
at java.xml/com.sun.org.apache.xerces.internal.impl.XMLNSDocumentScannerImpl.scanStartElement(Unknown Source)
at java.xml/com.sun.org.apache.xerces.internal.impl.XMLDocumentFragmentScannerImpl$FragmentContentDriver.next(Unknown Source)
at java.xml/com.sun.org.apache.xerces.internal.impl.XMLDocumentScannerImpl.next(Unknown Source)
at java.xml/com.sun.org.apache.xerces.internal.impl.XMLNSDocumentScannerImpl.next(Unknown Source)
at java.xml/com.sun.org.apache.xerces.internal.impl.XMLDocumentFragmentScannerImpl.scanDocument(Unknown Source)
at java.xml/com.sun.org.apache.xerces.internal.parsers.XML11Configuration.parse(Unknown Source)
at java.xml/com.sun.org.apache.xerces.internal.parsers.XML11Configuration.parse(Unknown Source)
at java.xml/com.sun.org.apache.xerces.internal.parsers.XMLParser.parse(Unknown Source)
at java.xml/com.sun.org.apache.xerces.internal.parsers.AbstractSAXParser.parse(Unknown Source)
at java.xml/com.sun.org.apache.xerces.internal.jaxp.SAXParserImpl$JAXPSAXParser.parse(Unknown Source)
at org.apache.xmlbeans.impl.store.Locale$SaxLoader.load(Locale.java:3414)
at org.apache.xmlbeans.impl.store.Locale.parseToXmlObject(Locale.java:1272)
at org.apache.xmlbeans.impl.store.Locale.parseToXmlObject(Locale.java:1259)
at org.apache.xmlbeans.impl.schema.SchemaTypeLoaderBase.parse(SchemaTypeLoaderBase.java:345)
at org.openxmlformats.schemas.spreadsheetml.x2006.main.StyleSheetDocument$Factory.parse(Unknown Source)
at org.apache.poi.xssf.model.StylesTable.readFrom(StylesTable.java:189)
at org.apache.poi.xssf.model.StylesTable.<init>(StylesTable.java:138)
... 26 more
]]>
    </error>
  </testcase> <!-- basicDetails -->
  <testcase classname="com.RBIA.tc.TC004_RBIBasicDetails" name="basicDetails" time="123.640"/>
  <testcase classname="com.RBIA.tc.TC004_RBIBasicDetails" name="basicDetails" time="123.106"/>
  <testcase classname="com.RBIA.tc.TC004_RBIBasicDetails" name="basicDetails" time="122.760"/>
  <testcase classname="com.RBIA.tc.TC004_RBIBasicDetails" name="basicDetails" time="124.464"/>
  <testcase classname="com.RBIA.tc.TC004_RBIBasicDetails" name="basicDetails" time="123.959"/>
  <testcase classname="com.RBIA.tc.TC004_RBIBasicDetails" name="basicDetails" time="123.067"/>
  <testcase classname="com.RBIA.tc.TC004_RBIBasicDetails" name="basicDetails" time="124.052"/>
  <testcase classname="com.RBIA.tc.TC004_RBIBasicDetails" name="basicDetails" time="124.693"/>
  <testcase classname="com.RBIA.tc.TC004_RBIBasicDetails" name="basicDetails" time="125.098"/>
  <testcase classname="com.RBIA.tc.TC004_RBIBasicDetails" name="basicDetails" time="124.210"/>
  <testcase classname="com.RBIA.tc.TC004_RBIBasicDetails" name="basicDetails" time="123.870"/>
  <testcase classname="com.RBIA.tc.TC004_RBIBasicDetails" name="basicDetails" time="123.824"/>
  <testcase classname="com.RBIA.tc.TC004_RBIBasicDetails" name="basicDetails" time="124.012"/>
  <testcase classname="com.RBIA.tc.TC004_RBIBasicDetails" name="basicDetails" time="125.052"/>
  <testcase classname="com.RBIA.tc.TC004_RBIBasicDetails" name="basicDetails" time="123.167"/>
  <testcase classname="com.RBIA.tc.TC004_RBIBasicDetails" name="basicDetails" time="123.895"/>
  <testcase classname="com.RBIA.tc.TC004_RBIBasicDetails" name="basicDetails" time="123.178"/>
  <testcase classname="com.RBIA.tc.TC004_RBIBasicDetails" name="basicDetails" time="125.822"/>
  <testcase classname="com.RBIA.tc.TC004_RBIBasicDetails" name="basicDetails" time="133.764"/>
  <testcase classname="com.RBIA.tc.TC004_RBIBasicDetails" name="basicDetails" time="125.086"/>
  <testcase classname="com.RBIA.tc.TC004_RBIBasicDetails" name="basicDetails" time="11.936">
    <error message="Zip bomb detected! The file would exceed the max. ratio of compressed file size to the size of the expanded data.
This may indicate that the file is used to inflate memory usage and thus could pose a security risk.
You can adjust this limit via ZipSecureFile.setMinInflateRatio() if you need to work with files which exceed this limit.
Uncompressed size: 102403, Raw/compressed size: 1024, ratio: 0.010000
Limits: MIN_INFLATE_RATIO: 0.010000, Entry: xl/styles.xml" type="org.apache.poi.ooxml.POIXMLException">
      <![CDATA[org.apache.poi.ooxml.POIXMLException: Zip bomb detected! The file would exceed the max. ratio of compressed file size to the size of the expanded data.
This may indicate that the file is used to inflate memory usage and thus could pose a security risk.
You can adjust this limit via ZipSecureFile.setMinInflateRatio() if you need to work with files which exceed this limit.
Uncompressed size: 102403, Raw/compressed size: 1024, ratio: 0.010000
Limits: MIN_INFLATE_RATIO: 0.010000, Entry: xl/styles.xml
at org.apache.poi.ooxml.POIXMLFactory.createDocumentPart(POIXMLFactory.java:66)
at org.apache.poi.ooxml.POIXMLDocumentPart.read(POIXMLDocumentPart.java:657)
at org.apache.poi.ooxml.POIXMLDocument.load(POIXMLDocument.java:180)
at org.apache.poi.xssf.usermodel.XSSFWorkbook.<init>(XSSFWorkbook.java:286)
at org.apache.poi.xssf.usermodel.XSSFWorkbook.<init>(XSSFWorkbook.java:340)
at lib.selenium.WebDriverServiceImpl.agevalidator_max(WebDriverServiceImpl.java:775)
at com.ibps.pages.PersonalDetailsPage.ageValidatorMax(PersonalDetailsPage.java:308)
at com.RBIA.tc.TC004_RBIBasicDetails.basicDetails(TC004_RBIBasicDetails.java:63)
at jdk.internal.reflect.GeneratedMethodAccessor6.invoke(Unknown Source)
at java.base/jdk.internal.reflect.DelegatingMethodAccessorImpl.invoke(Unknown Source)
at java.base/java.lang.reflect.Method.invoke(Unknown Source)
at org.testng.internal.MethodInvocationHelper.invokeMethod(MethodInvocationHelper.java:133)
at org.testng.internal.TestInvoker.invokeMethod(TestInvoker.java:584)
at org.testng.internal.TestInvoker.invokeTestMethod(TestInvoker.java:172)
at org.testng.internal.MethodRunner.runInSequence(MethodRunner.java:46)
at org.testng.internal.TestInvoker$MethodInvocationAgent.invoke(TestInvoker.java:804)
at org.testng.internal.TestInvoker.invokeTestMethods(TestInvoker.java:145)
at org.testng.internal.TestMethodWorker.invokeTestMethods(TestMethodWorker.java:146)
at org.testng.internal.TestMethodWorker.run(TestMethodWorker.java:128)
at java.base/java.util.concurrent.ThreadPoolExecutor.runWorker(Unknown Source)
at java.base/java.util.concurrent.ThreadPoolExecutor$Worker.run(Unknown Source)
at java.base/java.lang.Thread.run(Unknown Source)
Caused by: java.lang.reflect.InvocationTargetException
at jdk.internal.reflect.GeneratedConstructorAccessor53.newInstance(Unknown Source)
at java.base/jdk.internal.reflect.DelegatingConstructorAccessorImpl.newInstance(Unknown Source)
at java.base/java.lang.reflect.Constructor.newInstance(Unknown Source)
at org.apache.poi.xssf.usermodel.XSSFFactory.createDocumentPart(XSSFFactory.java:56)
at org.apache.poi.ooxml.POIXMLFactory.createDocumentPart(POIXMLFactory.java:63)
... 21 more
Caused by: java.io.IOException: Zip bomb detected! The file would exceed the max. ratio of compressed file size to the size of the expanded data.
This may indicate that the file is used to inflate memory usage and thus could pose a security risk.
You can adjust this limit via ZipSecureFile.setMinInflateRatio() if you need to work with files which exceed this limit.
Uncompressed size: 102403, Raw/compressed size: 1024, ratio: 0.010000
Limits: MIN_INFLATE_RATIO: 0.010000, Entry: xl/styles.xml
at org.apache.poi.openxml4j.util.ZipArchiveThresholdInputStream.checkThreshold(ZipArchiveThresholdInputStream.java:130)
at org.apache.poi.openxml4j.util.ZipArchiveThresholdInputStream.read(ZipArchiveThresholdInputStream.java:80)
at java.xml/com.sun.org.apache.xerces.internal.impl.XMLEntityManager$RewindableInputStream.read(Unknown Source)
at java.xml/com.sun.org.apache.xerces.internal.impl.io.UTF8Reader.read(Unknown Source)
at java.xml/com.sun.org.apache.xerces.internal.impl.XMLEntityScanner.load(Unknown Source)
at java.xml/com.sun.org.apache.xerces.internal.impl.XMLEntityScanner.scanQName(Unknown Source)
at java.xml/com.sun.org.apache.xerces.internal.impl.XMLNSDocumentScannerImpl.scanAttribute(Unknown Source)
at java.xml/com.sun.org.apache.xerces.internal.impl.XMLNSDocumentScannerImpl.scanStartElement(Unknown Source)
at java.xml/com.sun.org.apache.xerces.internal.impl.XMLDocumentFragmentScannerImpl$FragmentContentDriver.next(Unknown Source)
at java.xml/com.sun.org.apache.xerces.internal.impl.XMLDocumentScannerImpl.next(Unknown Source)
at java.xml/com.sun.org.apache.xerces.internal.impl.XMLNSDocumentScannerImpl.next(Unknown Source)
at java.xml/com.sun.org.apache.xerces.internal.impl.XMLDocumentFragmentScannerImpl.scanDocument(Unknown Source)
at java.xml/com.sun.org.apache.xerces.internal.parsers.XML11Configuration.parse(Unknown Source)
at java.xml/com.sun.org.apache.xerces.internal.parsers.XML11Configuration.parse(Unknown Source)
at java.xml/com.sun.org.apache.xerces.internal.parsers.XMLParser.parse(Unknown Source)
at java.xml/com.sun.org.apache.xerces.internal.parsers.AbstractSAXParser.parse(Unknown Source)
at java.xml/com.sun.org.apache.xerces.internal.jaxp.SAXParserImpl$JAXPSAXParser.parse(Unknown Source)
at org.apache.xmlbeans.impl.store.Locale$SaxLoader.load(Locale.java:3414)
at org.apache.xmlbeans.impl.store.Locale.parseToXmlObject(Locale.java:1272)
at org.apache.xmlbeans.impl.store.Locale.parseToXmlObject(Locale.java:1259)
at org.apache.xmlbeans.impl.schema.SchemaTypeLoaderBase.parse(SchemaTypeLoaderBase.java:345)
at org.openxmlformats.schemas.spreadsheetml.x2006.main.StyleSheetDocument$Factory.parse(Unknown Source)
at org.apache.poi.xssf.model.StylesTable.readFrom(StylesTable.java:189)
at org.apache.poi.xssf.model.StylesTable.<init>(StylesTable.java:138)
... 26 more
]]>
    </error>
  </testcase> <!-- basicDetails -->
  <testcase classname="com.RBIA.tc.TC004_RBIBasicDetails" name="basicDetails" time="122.784"/>
  <testcase classname="com.RBIA.tc.TC004_RBIBasicDetails" name="basicDetails" time="123.374"/>
  <testcase classname="com.RBIA.tc.TC004_RBIBasicDetails" name="basicDetails" time="124.079"/>
  <testcase classname="com.RBIA.tc.TC004_RBIBasicDetails" name="basicDetails" time="124.194"/>
  <testcase classname="com.RBIA.tc.TC004_RBIBasicDetails" name="basicDetails" time="124.371"/>
  <testcase classname="com.RBIA.tc.TC004_RBIBasicDetails" name="basicDetails" time="124.240"/>
  <testcase classname="com.RBIA.tc.TC004_RBIBasicDetails" name="basicDetails" time="124.021"/>
  <testcase classname="com.RBIA.tc.TC004_RBIBasicDetails" name="basicDetails" time="125.905"/>
  <testcase classname="com.RBIA.tc.TC004_RBIBasicDetails" name="basicDetails" time="123.507"/>
  <testcase classname="com.RBIA.tc.TC004_RBIBasicDetails" name="basicDetails" time="125.163"/>
  <testcase classname="com.RBIA.tc.TC004_RBIBasicDetails" name="basicDetails" time="123.818"/>
  <testcase classname="com.RBIA.tc.TC004_RBIBasicDetails" name="basicDetails" time="123.395"/>
  <testcase classname="com.RBIA.tc.TC004_RBIBasicDetails" name="basicDetails" time="123.443"/>
  <testcase classname="com.RBIA.tc.TC004_RBIBasicDetails" name="basicDetails" time="123.289"/>
  <testcase classname="com.RBIA.tc.TC004_RBIBasicDetails" name="basicDetails" time="122.805"/>
  <testcase classname="com.RBIA.tc.TC004_RBIBasicDetails" name="basicDetails" time="122.914"/>
  <testcase classname="com.RBIA.tc.TC004_RBIBasicDetails" name="basicDetails" time="125.255"/>
  <testcase classname="com.RBIA.tc.TC004_RBIBasicDetails" name="basicDetails" time="124.448"/>
  <testcase classname="com.RBIA.tc.TC004_RBIBasicDetails" name="basicDetails" time="124.390"/>
  <testcase classname="com.RBIA.tc.TC004_RBIBasicDetails" name="basicDetails" time="123.996"/>
  <testcase classname="com.RBIA.tc.TC004_RBIBasicDetails" name="basicDetails" time="123.995"/>
  <testcase classname="com.RBIA.tc.TC004_RBIBasicDetails" name="basicDetails" time="125.573"/>
  <testcase classname="com.RBIA.tc.TC004_RBIBasicDetails" name="basicDetails" time="123.747"/>
  <testcase classname="com.RBIA.tc.TC004_RBIBasicDetails" name="basicDetails" time="12.090">
    <error message="Zip bomb detected! The file would exceed the max. ratio of compressed file size to the size of the expanded data.
This may indicate that the file is used to inflate memory usage and thus could pose a security risk.
You can adjust this limit via ZipSecureFile.setMinInflateRatio() if you need to work with files which exceed this limit.
Uncompressed size: 102403, Raw/compressed size: 1024, ratio: 0.010000
Limits: MIN_INFLATE_RATIO: 0.010000, Entry: xl/styles.xml" type="org.apache.poi.ooxml.POIXMLException">
      <![CDATA[org.apache.poi.ooxml.POIXMLException: Zip bomb detected! The file would exceed the max. ratio of compressed file size to the size of the expanded data.
This may indicate that the file is used to inflate memory usage and thus could pose a security risk.
You can adjust this limit via ZipSecureFile.setMinInflateRatio() if you need to work with files which exceed this limit.
Uncompressed size: 102403, Raw/compressed size: 1024, ratio: 0.010000
Limits: MIN_INFLATE_RATIO: 0.010000, Entry: xl/styles.xml
at org.apache.poi.ooxml.POIXMLFactory.createDocumentPart(POIXMLFactory.java:66)
at org.apache.poi.ooxml.POIXMLDocumentPart.read(POIXMLDocumentPart.java:657)
at org.apache.poi.ooxml.POIXMLDocument.load(POIXMLDocument.java:180)
at org.apache.poi.xssf.usermodel.XSSFWorkbook.<init>(XSSFWorkbook.java:286)
at org.apache.poi.xssf.usermodel.XSSFWorkbook.<init>(XSSFWorkbook.java:340)
at lib.selenium.WebDriverServiceImpl.agevalidator_max(WebDriverServiceImpl.java:775)
at com.ibps.pages.PersonalDetailsPage.ageValidatorMax(PersonalDetailsPage.java:308)
at com.RBIA.tc.TC004_RBIBasicDetails.basicDetails(TC004_RBIBasicDetails.java:63)
at jdk.internal.reflect.GeneratedMethodAccessor6.invoke(Unknown Source)
at java.base/jdk.internal.reflect.DelegatingMethodAccessorImpl.invoke(Unknown Source)
at java.base/java.lang.reflect.Method.invoke(Unknown Source)
at org.testng.internal.MethodInvocationHelper.invokeMethod(MethodInvocationHelper.java:133)
at org.testng.internal.TestInvoker.invokeMethod(TestInvoker.java:584)
at org.testng.internal.TestInvoker.invokeTestMethod(TestInvoker.java:172)
at org.testng.internal.MethodRunner.runInSequence(MethodRunner.java:46)
at org.testng.internal.TestInvoker$MethodInvocationAgent.invoke(TestInvoker.java:804)
at org.testng.internal.TestInvoker.invokeTestMethods(TestInvoker.java:145)
at org.testng.internal.TestMethodWorker.invokeTestMethods(TestMethodWorker.java:146)
at org.testng.internal.TestMethodWorker.run(TestMethodWorker.java:128)
at java.base/java.util.concurrent.ThreadPoolExecutor.runWorker(Unknown Source)
at java.base/java.util.concurrent.ThreadPoolExecutor$Worker.run(Unknown Source)
at java.base/java.lang.Thread.run(Unknown Source)
Caused by: java.lang.reflect.InvocationTargetException
at jdk.internal.reflect.GeneratedConstructorAccessor53.newInstance(Unknown Source)
at java.base/jdk.internal.reflect.DelegatingConstructorAccessorImpl.newInstance(Unknown Source)
at java.base/java.lang.reflect.Constructor.newInstance(Unknown Source)
at org.apache.poi.xssf.usermodel.XSSFFactory.createDocumentPart(XSSFFactory.java:56)
at org.apache.poi.ooxml.POIXMLFactory.createDocumentPart(POIXMLFactory.java:63)
... 21 more
Caused by: java.io.IOException: Zip bomb detected! The file would exceed the max. ratio of compressed file size to the size of the expanded data.
This may indicate that the file is used to inflate memory usage and thus could pose a security risk.
You can adjust this limit via ZipSecureFile.setMinInflateRatio() if you need to work with files which exceed this limit.
Uncompressed size: 102403, Raw/compressed size: 1024, ratio: 0.010000
Limits: MIN_INFLATE_RATIO: 0.010000, Entry: xl/styles.xml
at org.apache.poi.openxml4j.util.ZipArchiveThresholdInputStream.checkThreshold(ZipArchiveThresholdInputStream.java:130)
at org.apache.poi.openxml4j.util.ZipArchiveThresholdInputStream.read(ZipArchiveThresholdInputStream.java:80)
at java.xml/com.sun.org.apache.xerces.internal.impl.XMLEntityManager$RewindableInputStream.read(Unknown Source)
at java.xml/com.sun.org.apache.xerces.internal.impl.io.UTF8Reader.read(Unknown Source)
at java.xml/com.sun.org.apache.xerces.internal.impl.XMLEntityScanner.load(Unknown Source)
at java.xml/com.sun.org.apache.xerces.internal.impl.XMLEntityScanner.scanQName(Unknown Source)
at java.xml/com.sun.org.apache.xerces.internal.impl.XMLNSDocumentScannerImpl.scanAttribute(Unknown Source)
at java.xml/com.sun.org.apache.xerces.internal.impl.XMLNSDocumentScannerImpl.scanStartElement(Unknown Source)
at java.xml/com.sun.org.apache.xerces.internal.impl.XMLDocumentFragmentScannerImpl$FragmentContentDriver.next(Unknown Source)
at java.xml/com.sun.org.apache.xerces.internal.impl.XMLDocumentScannerImpl.next(Unknown Source)
at java.xml/com.sun.org.apache.xerces.internal.impl.XMLNSDocumentScannerImpl.next(Unknown Source)
at java.xml/com.sun.org.apache.xerces.internal.impl.XMLDocumentFragmentScannerImpl.scanDocument(Unknown Source)
at java.xml/com.sun.org.apache.xerces.internal.parsers.XML11Configuration.parse(Unknown Source)
at java.xml/com.sun.org.apache.xerces.internal.parsers.XML11Configuration.parse(Unknown Source)
at java.xml/com.sun.org.apache.xerces.internal.parsers.XMLParser.parse(Unknown Source)
at java.xml/com.sun.org.apache.xerces.internal.parsers.AbstractSAXParser.parse(Unknown Source)
at java.xml/com.sun.org.apache.xerces.internal.jaxp.SAXParserImpl$JAXPSAXParser.parse(Unknown Source)
at org.apache.xmlbeans.impl.store.Locale$SaxLoader.load(Locale.java:3414)
at org.apache.xmlbeans.impl.store.Locale.parseToXmlObject(Locale.java:1272)
at org.apache.xmlbeans.impl.store.Locale.parseToXmlObject(Locale.java:1259)
at org.apache.xmlbeans.impl.schema.SchemaTypeLoaderBase.parse(SchemaTypeLoaderBase.java:345)
at org.openxmlformats.schemas.spreadsheetml.x2006.main.StyleSheetDocument$Factory.parse(Unknown Source)
at org.apache.poi.xssf.model.StylesTable.readFrom(StylesTable.java:189)
at org.apache.poi.xssf.model.StylesTable.<init>(StylesTable.java:138)
... 26 more
]]>
    </error>
  </testcase> <!-- basicDetails -->
  <testcase classname="com.RBIA.tc.TC004_RBIBasicDetails" name="basicDetails" time="124.628"/>
  <testcase classname="com.RBIA.tc.TC004_RBIBasicDetails" name="basicDetails" time="124.379"/>
  <testcase classname="com.RBIA.tc.TC004_RBIBasicDetails" name="basicDetails" time="125.129"/>
  <testcase classname="com.RBIA.tc.TC004_RBIBasicDetails" name="basicDetails" time="12.235">
    <error message="Zip bomb detected! The file would exceed the max. ratio of compressed file size to the size of the expanded data.
This may indicate that the file is used to inflate memory usage and thus could pose a security risk.
You can adjust this limit via ZipSecureFile.setMinInflateRatio() if you need to work with files which exceed this limit.
Uncompressed size: 102403, Raw/compressed size: 1024, ratio: 0.010000
Limits: MIN_INFLATE_RATIO: 0.010000, Entry: xl/styles.xml" type="org.apache.poi.ooxml.POIXMLException">
      <![CDATA[org.apache.poi.ooxml.POIXMLException: Zip bomb detected! The file would exceed the max. ratio of compressed file size to the size of the expanded data.
This may indicate that the file is used to inflate memory usage and thus could pose a security risk.
You can adjust this limit via ZipSecureFile.setMinInflateRatio() if you need to work with files which exceed this limit.
Uncompressed size: 102403, Raw/compressed size: 1024, ratio: 0.010000
Limits: MIN_INFLATE_RATIO: 0.010000, Entry: xl/styles.xml
at org.apache.poi.ooxml.POIXMLFactory.createDocumentPart(POIXMLFactory.java:66)
at org.apache.poi.ooxml.POIXMLDocumentPart.read(POIXMLDocumentPart.java:657)
at org.apache.poi.ooxml.POIXMLDocument.load(POIXMLDocument.java:180)
at org.apache.poi.xssf.usermodel.XSSFWorkbook.<init>(XSSFWorkbook.java:286)
at org.apache.poi.xssf.usermodel.XSSFWorkbook.<init>(XSSFWorkbook.java:340)
at lib.selenium.WebDriverServiceImpl.agevalidator_max(WebDriverServiceImpl.java:775)
at com.ibps.pages.PersonalDetailsPage.ageValidatorMax(PersonalDetailsPage.java:308)
at com.RBIA.tc.TC004_RBIBasicDetails.basicDetails(TC004_RBIBasicDetails.java:63)
at jdk.internal.reflect.GeneratedMethodAccessor6.invoke(Unknown Source)
at java.base/jdk.internal.reflect.DelegatingMethodAccessorImpl.invoke(Unknown Source)
at java.base/java.lang.reflect.Method.invoke(Unknown Source)
at org.testng.internal.MethodInvocationHelper.invokeMethod(MethodInvocationHelper.java:133)
at org.testng.internal.TestInvoker.invokeMethod(TestInvoker.java:584)
at org.testng.internal.TestInvoker.invokeTestMethod(TestInvoker.java:172)
at org.testng.internal.MethodRunner.runInSequence(MethodRunner.java:46)
at org.testng.internal.TestInvoker$MethodInvocationAgent.invoke(TestInvoker.java:804)
at org.testng.internal.TestInvoker.invokeTestMethods(TestInvoker.java:145)
at org.testng.internal.TestMethodWorker.invokeTestMethods(TestMethodWorker.java:146)
at org.testng.internal.TestMethodWorker.run(TestMethodWorker.java:128)
at java.base/java.util.concurrent.ThreadPoolExecutor.runWorker(Unknown Source)
at java.base/java.util.concurrent.ThreadPoolExecutor$Worker.run(Unknown Source)
at java.base/java.lang.Thread.run(Unknown Source)
Caused by: java.lang.reflect.InvocationTargetException
at jdk.internal.reflect.GeneratedConstructorAccessor53.newInstance(Unknown Source)
at java.base/jdk.internal.reflect.DelegatingConstructorAccessorImpl.newInstance(Unknown Source)
at java.base/java.lang.reflect.Constructor.newInstance(Unknown Source)
at org.apache.poi.xssf.usermodel.XSSFFactory.createDocumentPart(XSSFFactory.java:56)
at org.apache.poi.ooxml.POIXMLFactory.createDocumentPart(POIXMLFactory.java:63)
... 21 more
Caused by: java.io.IOException: Zip bomb detected! The file would exceed the max. ratio of compressed file size to the size of the expanded data.
This may indicate that the file is used to inflate memory usage and thus could pose a security risk.
You can adjust this limit via ZipSecureFile.setMinInflateRatio() if you need to work with files which exceed this limit.
Uncompressed size: 102403, Raw/compressed size: 1024, ratio: 0.010000
Limits: MIN_INFLATE_RATIO: 0.010000, Entry: xl/styles.xml
at org.apache.poi.openxml4j.util.ZipArchiveThresholdInputStream.checkThreshold(ZipArchiveThresholdInputStream.java:130)
at org.apache.poi.openxml4j.util.ZipArchiveThresholdInputStream.read(ZipArchiveThresholdInputStream.java:80)
at java.xml/com.sun.org.apache.xerces.internal.impl.XMLEntityManager$RewindableInputStream.read(Unknown Source)
at java.xml/com.sun.org.apache.xerces.internal.impl.io.UTF8Reader.read(Unknown Source)
at java.xml/com.sun.org.apache.xerces.internal.impl.XMLEntityScanner.load(Unknown Source)
at java.xml/com.sun.org.apache.xerces.internal.impl.XMLEntityScanner.scanQName(Unknown Source)
at java.xml/com.sun.org.apache.xerces.internal.impl.XMLNSDocumentScannerImpl.scanAttribute(Unknown Source)
at java.xml/com.sun.org.apache.xerces.internal.impl.XMLNSDocumentScannerImpl.scanStartElement(Unknown Source)
at java.xml/com.sun.org.apache.xerces.internal.impl.XMLDocumentFragmentScannerImpl$FragmentContentDriver.next(Unknown Source)
at java.xml/com.sun.org.apache.xerces.internal.impl.XMLDocumentScannerImpl.next(Unknown Source)
at java.xml/com.sun.org.apache.xerces.internal.impl.XMLNSDocumentScannerImpl.next(Unknown Source)
at java.xml/com.sun.org.apache.xerces.internal.impl.XMLDocumentFragmentScannerImpl.scanDocument(Unknown Source)
at java.xml/com.sun.org.apache.xerces.internal.parsers.XML11Configuration.parse(Unknown Source)
at java.xml/com.sun.org.apache.xerces.internal.parsers.XML11Configuration.parse(Unknown Source)
at java.xml/com.sun.org.apache.xerces.internal.parsers.XMLParser.parse(Unknown Source)
at java.xml/com.sun.org.apache.xerces.internal.parsers.AbstractSAXParser.parse(Unknown Source)
at java.xml/com.sun.org.apache.xerces.internal.jaxp.SAXParserImpl$JAXPSAXParser.parse(Unknown Source)
at org.apache.xmlbeans.impl.store.Locale$SaxLoader.load(Locale.java:3414)
at org.apache.xmlbeans.impl.store.Locale.parseToXmlObject(Locale.java:1272)
at org.apache.xmlbeans.impl.store.Locale.parseToXmlObject(Locale.java:1259)
at org.apache.xmlbeans.impl.schema.SchemaTypeLoaderBase.parse(SchemaTypeLoaderBase.java:345)
at org.openxmlformats.schemas.spreadsheetml.x2006.main.StyleSheetDocument$Factory.parse(Unknown Source)
at org.apache.poi.xssf.model.StylesTable.readFrom(StylesTable.java:189)
at org.apache.poi.xssf.model.StylesTable.<init>(StylesTable.java:138)
... 26 more
]]>
    </error>
  </testcase> <!-- basicDetails -->
  <testcase classname="com.RBIA.tc.TC004_RBIBasicDetails" name="basicDetails" time="123.416"/>
  <testcase classname="com.RBIA.tc.TC004_RBIBasicDetails" name="basicDetails" time="123.859"/>
  <testcase classname="com.RBIA.tc.TC004_RBIBasicDetails" name="basicDetails" time="124.416"/>
  <testcase classname="com.RBIA.tc.TC004_RBIBasicDetails" name="basicDetails" time="124.102"/>
  <testcase classname="com.RBIA.tc.TC004_RBIBasicDetails" name="basicDetails" time="125.118"/>
  <testcase classname="com.RBIA.tc.TC004_RBIBasicDetails" name="basicDetails" time="123.133"/>
  <testcase classname="com.RBIA.tc.TC004_RBIBasicDetails" name="basicDetails" time="124.418"/>
  <testcase classname="com.RBIA.tc.TC004_RBIBasicDetails" name="basicDetails" time="123.245"/>
  <testcase classname="com.RBIA.tc.TC004_RBIBasicDetails" name="basicDetails" time="123.667"/>
  <testcase classname="com.RBIA.tc.TC004_RBIBasicDetails" name="basicDetails" time="123.867"/>
  <testcase classname="com.RBIA.tc.TC004_RBIBasicDetails" name="basicDetails" time="122.999"/>
  <testcase classname="com.RBIA.tc.TC004_RBIBasicDetails" name="basicDetails" time="123.853"/>
  <testcase classname="com.RBIA.tc.TC004_RBIBasicDetails" name="basicDetails" time="123.844"/>
  <testcase classname="com.RBIA.tc.TC004_RBIBasicDetails" name="basicDetails" time="124.813"/>
  <testcase classname="com.RBIA.tc.TC004_RBIBasicDetails" name="basicDetails" time="123.217"/>
  <testcase classname="com.RBIA.tc.TC004_RBIBasicDetails" name="basicDetails" time="123.315"/>
  <testcase classname="com.RBIA.tc.TC004_RBIBasicDetails" name="basicDetails" time="124.383"/>
  <testcase classname="com.RBIA.tc.TC004_RBIBasicDetails" name="basicDetails" time="124.689"/>
  <testcase classname="com.RBIA.tc.TC004_RBIBasicDetails" name="basicDetails" time="122.988"/>
  <testcase classname="com.RBIA.tc.TC004_RBIBasicDetails" name="basicDetails" time="124.047"/>
  <testcase classname="com.RBIA.tc.TC004_RBIBasicDetails" name="basicDetails" time="123.833"/>
  <testcase classname="com.RBIA.tc.TC004_RBIBasicDetails" name="basicDetails" time="124.843"/>
  <testcase classname="com.RBIA.tc.TC004_RBIBasicDetails" name="basicDetails" time="12.299">
    <error message="Zip bomb detected! The file would exceed the max. ratio of compressed file size to the size of the expanded data.
This may indicate that the file is used to inflate memory usage and thus could pose a security risk.
You can adjust this limit via ZipSecureFile.setMinInflateRatio() if you need to work with files which exceed this limit.
Uncompressed size: 102403, Raw/compressed size: 1024, ratio: 0.010000
Limits: MIN_INFLATE_RATIO: 0.010000, Entry: xl/styles.xml" type="org.apache.poi.ooxml.POIXMLException">
[...]
at org.apache.poi.ooxml.POIXMLDocumentPart.read(POIXMLDocumentPart.java:657)
at org.apache.poi.ooxml.POIXMLDocument.load(POIXMLDocument.java:180)
at org.apache.poi.xssf.usermodel.XSSFWorkbook.<init>(XSSFWorkbook.java:286)
at org.apache.poi.xssf.usermodel.XSSFWorkbook.<init>(XSSFWorkbook.java:340)
at lib.selenium.WebDriverServiceImpl.agevalidator_max(WebDriverServiceImpl.java:775)
at com.ibps.pages.PersonalDetailsPage.ageValidatorMax(PersonalDetailsPage.java:308)
at com.RBIA.tc.TC004_RBIBasicDetails.basicDetails(TC004_RBIBasicDetails.java:63)
at jdk.internal.reflect.GeneratedMethodAccessor6.invoke(Unknown Source)
at java.base/jdk.internal.reflect.DelegatingMethodAccessorImpl.invoke(Unknown Source)
at java.base/java.lang.reflect.Method.invoke(Unknown Source)
at org.testng.internal.MethodInvocationHelper.invokeMethod(MethodInvocationHelper.java:133)
at org.testng.internal.TestInvoker.invokeMethod(TestInvoker.java:584)
at org.testng.internal.TestInvoker.invokeTestMethod(TestInvoker.java:172)
at org.testng.internal.MethodRunner.runInSequence(MethodRunner.java:46)
at org.testng.internal.TestInvoker$MethodInvocationAgent.invoke(TestInvoker.java:804)
at org.testng.internal.TestInvoker.invokeTestMethods(TestInvoker.java:145)
at org.testng.internal.TestMethodWorker.invokeTestMethods(TestMethodWorker.java:146)
at org.testng.internal.TestMethodWorker.run(TestMethodWorker.java:128)
at java.base/java.util.concurrent.ThreadPoolExecutor.runWorker(Unknown Source)
at java.base/java.util.concurrent.ThreadPoolExecutor$Worker.run(Unknown Source)
at java.base/java.lang.Thread.run(Unknown Source)
Caused by: java.lang.reflect.InvocationTargetException
at jdk.internal.reflect.GeneratedConstructorAccessor53.newInstance(Unknown Source)
at java.base/jdk.internal.reflect.DelegatingConstructorAccessorImpl.newInstance(Unknown Source)
at java.base/java.lang.reflect.Constructor.newInstance(Unknown Source)
at org.apache.poi.xssf.usermodel.XSSFFactory.createDocumentPart(XSSFFactory.java:56)
at org.apache.poi.ooxml.POIXMLFactory.createDocumentPart(POIXMLFactory.java:63)
... 21 more
Caused by: java.io.IOException: Zip bomb detected! The file would exceed the max. ratio of compressed file size to the size of the expanded data.
This may indicate that the file is used to inflate memory usage and thus could pose a security risk.
You can adjust this limit via ZipSecureFile.setMinInflateRatio() if you need to work with files which exceed this limit.
Uncompressed size: 102403, Raw/compressed size: 1024, ratio: 0.010000
Limits: MIN_INFLATE_RATIO: 0.010000, Entry: xl/styles.xml
at org.apache.poi.openxml4j.util.ZipArchiveThresholdInputStream.checkThreshold(ZipArchiveThresholdInputStream.java:130)
at org.apache.poi.openxml4j.util.ZipArchiveThresholdInputStream.read(ZipArchiveThresholdInputStream.java:80)
at java.xml/com.sun.org.apache.xerces.internal.impl.XMLEntityManager$RewindableInputStream.read(Unknown Source)
at java.xml/com.sun.org.apache.xerces.internal.impl.io.UTF8Reader.read(Unknown Source)
at java.xml/com.sun.org.apache.xerces.internal.impl.XMLEntityScanner.load(Unknown Source)
at java.xml/com.sun.org.apache.xerces.internal.impl.XMLEntityScanner.scanQName(Unknown Source)
at java.xml/com.sun.org.apache.xerces.internal.impl.XMLNSDocumentScannerImpl.scanAttribute(Unknown Source)
at java.xml/com.sun.org.apache.xerces.internal.impl.XMLNSDocumentScannerImpl.scanStartElement(Unknown Source)
at java.xml/com.sun.org.apache.xerces.internal.impl.XMLDocumentFragmentScannerImpl$FragmentContentDriver.next(Unknown Source)
at java.xml/com.sun.org.apache.xerces.internal.impl.XMLDocumentScannerImpl.next(Unknown Source)
at java.xml/com.sun.org.apache.xerces.internal.impl.XMLNSDocumentScannerImpl.next(Unknown Source)
at java.xml/com.sun.org.apache.xerces.internal.impl.XMLDocumentFragmentScannerImpl.scanDocument(Unknown Source)
at java.xml/com.sun.org.apache.xerces.internal.parsers.XML11Configuration.parse(Unknown Source)
at java.xml/com.sun.org.apache.xerces.internal.parsers.XML11Configuration.parse(Unknown Source)
at java.xml/com.sun.org.apache.xerces.internal.parsers.XMLParser.parse(Unknown Source)
at java.xml/com.sun.org.apache.xerces.internal.parsers.AbstractSAXParser.parse(Unknown Source)
at java.xml/com.sun.org.apache.xerces.internal.jaxp.SAXParserImpl$JAXPSAXParser.parse(Unknown Source)
at org.apache.xmlbeans.impl.store.Locale$SaxLoader.load(Locale.java:3414)
at org.apache.xmlbeans.impl.store.Locale.parseToXmlObject(Locale.java:1272)
at org.apache.xmlbeans.impl.store.Locale.parseToXmlObject(Locale.java:1259)
at org.apache.xmlbeans.impl.schema.SchemaTypeLoaderBase.parse(SchemaTypeLoaderBase.java:345)
at org.openxmlformats.schemas.spreadsheetml.x2006.main.StyleSheetDocument$Factory.parse(Unknown Source)
at org.apache.poi.xssf.model.StylesTable.readFrom(StylesTable.java:189)
at org.apache.poi.xssf.model.StylesTable.<init>(StylesTable.java:138)
... 26 more
]]>
    </error>
  </testcase> <!-- basicDetails -->
  <testcase classname="com.RBIA.tc.TC004_RBIBasicDetails" name="basicDetails" time="125.657"/>
  <testcase classname="com.RBIA.tc.TC004_RBIBasicDetails" name="basicDetails" time="13.121">
    <error message="Zip bomb detected! The file would exceed the max. ratio of compressed file size to the size of the expanded data.
This may indicate that the file is used to inflate memory usage and thus could pose a security risk.
You can adjust this limit via ZipSecureFile.setMinInflateRatio() if you need to work with files which exceed this limit.
Uncompressed size: 102403, Raw/compressed size: 1024, ratio: 0.010000
Limits: MIN_INFLATE_RATIO: 0.010000, Entry: xl/styles.xml" type="org.apache.poi.ooxml.POIXMLException">
      <![CDATA[org.apache.poi.ooxml.POIXMLException: Zip bomb detected! The file would exceed the max. ratio of compressed file size to the size of the expanded data.
This may indicate that the file is used to inflate memory usage and thus could pose a security risk.
You can adjust this limit via ZipSecureFile.setMinInflateRatio() if you need to work with files which exceed this limit.
Uncompressed size: 102403, Raw/compressed size: 1024, ratio: 0.010000
Limits: MIN_INFLATE_RATIO: 0.010000, Entry: xl/styles.xml
at org.apache.poi.ooxml.POIXMLFactory.createDocumentPart(POIXMLFactory.java:66)
at org.apache.poi.ooxml.POIXMLDocumentPart.read(POIXMLDocumentPart.java:657)
at org.apache.poi.ooxml.POIXMLDocument.load(POIXMLDocument.java:180)
at org.apache.poi.xssf.usermodel.XSSFWorkbook.<init>(XSSFWorkbook.java:286)
at org.apache.poi.xssf.usermodel.XSSFWorkbook.<init>(XSSFWorkbook.java:340)
at lib.selenium.WebDriverServiceImpl.agevalidator_max(WebDriverServiceImpl.java:775)
at com.ibps.pages.PersonalDetailsPage.ageValidatorMax(PersonalDetailsPage.java:308)
at com.RBIA.tc.TC004_RBIBasicDetails.basicDetails(TC004_RBIBasicDetails.java:63)
at jdk.internal.reflect.GeneratedMethodAccessor6.invoke(Unknown Source)
at java.base/jdk.internal.reflect.DelegatingMethodAccessorImpl.invoke(Unknown Source)
at java.base/java.lang.reflect.Method.invoke(Unknown Source)
at org.testng.internal.MethodInvocationHelper.invokeMethod(MethodInvocationHelper.java:133)
at org.testng.internal.TestInvoker.invokeMethod(TestInvoker.java:584)
at org.testng.internal.TestInvoker.invokeTestMethod(TestInvoker.java:172)
at org.testng.internal.MethodRunner.runInSequence(MethodRunner.java:46)
at org.testng.internal.TestInvoker$MethodInvocationAgent.invoke(TestInvoker.java:804)
at org.testng.internal.TestInvoker.invokeTestMethods(TestInvoker.java:145)
at org.testng.internal.TestMethodWorker.invokeTestMethods(TestMethodWorker.java:146)
at org.testng.internal.TestMethodWorker.run(TestMethodWorker.java:128)
at java.base/java.util.concurrent.ThreadPoolExecutor.runWorker(Unknown Source)
at java.base/java.util.concurrent.ThreadPoolExecutor$Worker.run(Unknown Source)
at java.base/java.lang.Thread.run(Unknown Source)
Caused by: java.lang.reflect.InvocationTargetException
at jdk.internal.reflect.GeneratedConstructorAccessor53.newInstance(Unknown Source)
at java.base/jdk.internal.reflect.DelegatingConstructorAccessorImpl.newInstance(Unknown Source)
at java.base/java.lang.reflect.Constructor.newInstance(Unknown Source)
at org.apache.poi.xssf.usermodel.XSSFFactory.createDocumentPart(XSSFFactory.java:56)
at org.apache.poi.ooxml.POIXMLFactory.createDocumentPart(POIXMLFactory.java:63)
... 21 more
Caused by: java.io.IOException: Zip bomb detected! The file would exceed the max. ratio of compressed file size to the size of the expanded data.
This may indicate that the file is used to inflate memory usage and thus could pose a security risk.
You can adjust this limit via ZipSecureFile.setMinInflateRatio() if you need to work with files which exceed this limit.
Uncompressed size: 102403, Raw/compressed size: 1024, ratio: 0.010000
Limits: MIN_INFLATE_RATIO: 0.010000, Entry: xl/styles.xml
at org.apache.poi.openxml4j.util.ZipArchiveThresholdInputStream.checkThreshold(ZipArchiveThresholdInputStream.java:130)
at org.apache.poi.openxml4j.util.ZipArchiveThresholdInputStream.read(ZipArchiveThresholdInputStream.java:80)
at java.xml/com.sun.org.apache.xerces.internal.impl.XMLEntityManager$RewindableInputStream.read(Unknown Source)
at java.xml/com.sun.org.apache.xerces.internal.impl.io.UTF8Reader.read(Unknown Source)
at java.xml/com.sun.org.apache.xerces.internal.impl.XMLEntityScanner.load(Unknown Source)
at java.xml/com.sun.org.apache.xerces.internal.impl.XMLEntityScanner.scanQName(Unknown Source)
at java.xml/com.sun.org.apache.xerces.internal.impl.XMLNSDocumentScannerImpl.scanAttribute(Unknown Source)
at java.xml/com.sun.org.apache.xerces.internal.impl.XMLNSDocumentScannerImpl.scanStartElement(Unknown Source)
at java.xml/com.sun.org.apache.xerces.internal.impl.XMLDocumentFragmentScannerImpl$FragmentContentDriver.next(Unknown Source)
at java.xml/com.sun.org.apache.xerces.internal.impl.XMLDocumentScannerImpl.next(Unknown Source)
at java.xml/com.sun.org.apache.xerces.internal.impl.XMLNSDocumentScannerImpl.next(Unknown Source)
at java.xml/com.sun.org.apache.xerces.internal.impl.XMLDocumentFragmentScannerImpl.scanDocument(Unknown Source)
at java.xml/com.sun.org.apache.xerces.internal.parsers.XML11Configuration.parse(Unknown Source)
at java.xml/com.sun.org.apache.xerces.internal.parsers.XML11Configuration.parse(Unknown Source)
at java.xml/com.sun.org.apache.xerces.internal.parsers.XMLParser.parse(Unknown Source)
at java.xml/com.sun.org.apache.xerces.internal.parsers.AbstractSAXParser.parse(Unknown Source)
at java.xml/com.sun.org.apache.xerces.internal.jaxp.SAXParserImpl$JAXPSAXParser.parse(Unknown Source)
at org.apache.xmlbeans.impl.store.Locale$SaxLoader.load(Locale.java:3414)
at org.apache.xmlbeans.impl.store.Locale.parseToXmlObject(Locale.java:1272)
at org.apache.xmlbeans.impl.store.Locale.parseToXmlObject(Locale.java:1259)
at org.apache.xmlbeans.impl.schema.SchemaTypeLoaderBase.parse(SchemaTypeLoaderBase.java:345)
at org.openxmlformats.schemas.spreadsheetml.x2006.main.StyleSheetDocument$Factory.parse(Unknown Source)
at org.apache.poi.xssf.model.StylesTable.readFrom(StylesTable.java:189)
at org.apache.poi.xssf.model.StylesTable.<init>(StylesTable.java:138)
... 26 more
]]>
    </error>
  </testcase> <!-- basicDetails -->
  <testcase classname="com.RBIA.tc.TC004_RBIBasicDetails" name="basicDetails" time="123.567"/>
  <testcase classname="com.RBIA.tc.TC004_RBIBasicDetails" name="basicDetails" time="124.125"/>
  <testcase classname="com.RBIA.tc.TC004_RBIBasicDetails" name="basicDetails" time="12.303">
    <error message="Zip bomb detected! The file would exceed the max. ratio of compressed file size to the size of the expanded data.
This may indicate that the file is used to inflate memory usage and thus could pose a security risk.
You can adjust this limit via ZipSecureFile.setMinInflateRatio() if you need to work with files which exceed this limit.
Uncompressed size: 102403, Raw/compressed size: 1024, ratio: 0.010000
Limits: MIN_INFLATE_RATIO: 0.010000, Entry: xl/styles.xml" type="org.apache.poi.ooxml.POIXMLException">
      <![CDATA[org.apache.poi.ooxml.POIXMLException: Zip bomb detected! The file would exceed the max. ratio of compressed file size to the size of the expanded data.
This may indicate that the file is used to inflate memory usage and thus could pose a security risk.
You can adjust this limit via ZipSecureFile.setMinInflateRatio() if you need to work with files which exceed this limit.
Uncompressed size: 102403, Raw/compressed size: 1024, ratio: 0.010000
Limits: MIN_INFLATE_RATIO: 0.010000, Entry: xl/styles.xml
at org.apache.poi.ooxml.POIXMLFactory.createDocumentPart(POIXMLFactory.java:66)
at org.apache.poi.ooxml.POIXMLDocumentPart.read(POIXMLDocumentPart.java:657)
at org.apache.poi.ooxml.POIXMLDocument.load(POIXMLDocument.java:180)
at org.apache.poi.xssf.usermodel.XSSFWorkbook.<init>(XSSFWorkbook.java:286)
at org.apache.poi.xssf.usermodel.XSSFWorkbook.<init>(XSSFWorkbook.java:340)
at lib.selenium.WebDriverServiceImpl.agevalidator_max(WebDriverServiceImpl.java:775)
at com.ibps.pages.PersonalDetailsPage.ageValidatorMax(PersonalDetailsPage.java:308)
at com.RBIA.tc.TC004_RBIBasicDetails.basicDetails(TC004_RBIBasicDetails.java:63)
at jdk.internal.reflect.GeneratedMethodAccessor6.invoke(Unknown Source)
at java.base/jdk.internal.reflect.DelegatingMethodAccessorImpl.invoke(Unknown Source)
at java.base/java.lang.reflect.Method.invoke(Unknown Source)
at org.testng.internal.MethodInvocationHelper.invokeMethod(MethodInvocationHelper.java:133)
at org.testng.internal.TestInvoker.invokeMethod(TestInvoker.java:584)
at org.testng.internal.TestInvoker.invokeTestMethod(TestInvoker.java:172)
at org.testng.internal.MethodRunner.runInSequence(MethodRunner.java:46)
at org.testng.internal.TestInvoker$MethodInvocationAgent.invoke(TestInvoker.java:804)
at org.testng.internal.TestInvoker.invokeTestMethods(TestInvoker.java:145)
at org.testng.internal.TestMethodWorker.invokeTestMethods(TestMethodWorker.java:146)
at org.testng.internal.TestMethodWorker.run(TestMethodWorker.java:128)
at java.base/java.util.concurrent.ThreadPoolExecutor.runWorker(Unknown Source)
at java.base/java.util.concurrent.ThreadPoolExecutor$Worker.run(Unknown Source)
at java.base/java.lang.Thread.run(Unknown Source)
Caused by: java.lang.reflect.InvocationTargetException
at jdk.internal.reflect.GeneratedConstructorAccessor53.newInstance(Unknown Source)
at java.base/jdk.internal.reflect.DelegatingConstructorAccessorImpl.newInstance(Unknown Source)
at java.base/java.lang.reflect.Constructor.newInstance(Unknown Source)
at org.apache.poi.xssf.usermodel.XSSFFactory.createDocumentPart(XSSFFactory.java:56)
at org.apache.poi.ooxml.POIXMLFactory.createDocumentPart(POIXMLFactory.java:63)
... 21 more
Caused by: java.io.IOException: Zip bomb detected! The file would exceed the max. ratio of compressed file size to the size of the expanded data.
This may indicate that the file is used to inflate memory usage and thus could pose a security risk.
You can adjust this limit via ZipSecureFile.setMinInflateRatio() if you need to work with files which exceed this limit.
Uncompressed size: 102403, Raw/compressed size: 1024, ratio: 0.010000
Limits: MIN_INFLATE_RATIO: 0.010000, Entry: xl/styles.xml
at org.apache.poi.openxml4j.util.ZipArchiveThresholdInputStream.checkThreshold(ZipArchiveThresholdInputStream.java:130)
at org.apache.poi.openxml4j.util.ZipArchiveThresholdInputStream.read(ZipArchiveThresholdInputStream.java:80)
at java.xml/com.sun.org.apache.xerces.internal.impl.XMLEntityManager$RewindableInputStream.read(Unknown Source)
at java.xml/com.sun.org.apache.xerces.internal.impl.io.UTF8Reader.read(Unknown Source)
at java.xml/com.sun.org.apache.xerces.internal.impl.XMLEntityScanner.load(Unknown Source)
at java.xml/com.sun.org.apache.xerces.internal.impl.XMLEntityScanner.scanQName(Unknown Source)
at java.xml/com.sun.org.apache.xerces.internal.impl.XMLNSDocumentScannerImpl.scanAttribute(Unknown Source)
at java.xml/com.sun.org.apache.xerces.internal.impl.XMLNSDocumentScannerImpl.scanStartElement(Unknown Source)
at java.xml/com.sun.org.apache.xerces.internal.impl.XMLDocumentFragmentScannerImpl$FragmentContentDriver.next(Unknown Source)
at java.xml/com.sun.org.apache.xerces.internal.impl.XMLDocumentScannerImpl.next(Unknown Source)
at java.xml/com.sun.org.apache.xerces.internal.impl.XMLNSDocumentScannerImpl.next(Unknown Source)
at java.xml/com.sun.org.apache.xerces.internal.impl.XMLDocumentFragmentScannerImpl.scanDocument(Unknown Source)
at java.xml/com.sun.org.apache.xerces.internal.parsers.XML11Configuration.parse(Unknown Source)
at java.xml/com.sun.org.apache.xerces.internal.parsers.XML11Configuration.parse(Unknown Source)
at java.xml/com.sun.org.apache.xerces.internal.parsers.XMLParser.parse(Unknown Source)
at java.xml/com.sun.org.apache.xerces.internal.parsers.AbstractSAXParser.parse(Unknown Source)
at java.xml/com.sun.org.apache.xerces.internal.jaxp.SAXParserImpl$JAXPSAXParser.parse(Unknown Source)
at org.apache.xmlbeans.impl.store.Locale$SaxLoader.load(Locale.java:3414)
at org.apache.xmlbeans.impl.store.Locale.parseToXmlObject(Locale.java:1272)
at org.apache.xmlbeans.impl.store.Locale.parseToXmlObject(Locale.java:1259)
at org.apache.xmlbeans.impl.schema.SchemaTypeLoaderBase.parse(SchemaTypeLoaderBase.java:345)
at org.openxmlformats.schemas.spreadsheetml.x2006.main.StyleSheetDocument$Factory.parse(Unknown Source)
at org.apache.poi.xssf.model.StylesTable.readFrom(StylesTable.java:189)
at org.apache.poi.xssf.model.StylesTable.<init>(StylesTable.java:138)
... 26 more
]]>
    </error>
  </testcase> <!-- basicDetails -->
  <testcase classname="com.RBIA.tc.TC004_RBIBasicDetails" name="basicDetails" time="123.705"/>
  <testcase classname="com.RBIA.tc.TC004_RBIBasicDetails" name="basicDetails" time="123.873"/>
  <testcase classname="com.RBIA.tc.TC004_RBIBasicDetails" name="basicDetails" time="123.908"/>
  <testcase classname="com.RBIA.tc.TC004_RBIBasicDetails" name="basicDetails" time="124.620"/>
  <testcase classname="com.RBIA.tc.TC004_RBIBasicDetails" name="basicDetails" time="124.388"/>
  <testcase classname="com.RBIA.tc.TC004_RBIBasicDetails" name="basicDetails" time="124.474"/>
  <testcase classname="com.RBIA.tc.TC004_RBIBasicDetails" name="basicDetails" time="123.770"/>
  <testcase classname="com.RBIA.tc.TC004_RBIBasicDetails" name="basicDetails" time="125.062"/>
  <testcase classname="com.RBIA.tc.TC004_RBIBasicDetails" name="basicDetails" time="124.589"/>
  <testcase classname="com.RBIA.tc.TC004_RBIBasicDetails" name="basicDetails" time="123.754"/>
  <testcase classname="com.RBIA.tc.TC004_RBIBasicDetails" name="basicDetails" time="123.760"/>
  <testcase classname="com.RBIA.tc.TC004_RBIBasicDetails" name="basicDetails" time="124.534"/>
  <testcase classname="com.RBIA.tc.TC004_RBIBasicDetails" name="basicDetails" time="123.576"/>
  <testcase classname="com.RBIA.tc.TC004_RBIBasicDetails" name="basicDetails" time="123.605"/>
  <testcase classname="com.RBIA.tc.TC004_RBIBasicDetails" name="basicDetails" time="124.025"/>
  <testcase classname="com.RBIA.tc.TC004_RBIBasicDetails" name="basicDetails" time="124.371"/>
  <testcase classname="com.RBIA.tc.TC004_RBIBasicDetails" name="basicDetails" time="124.155"/>
  <testcase classname="com.RBIA.tc.TC004_RBIBasicDetails" name="basicDetails" time="123.483"/>
  <testcase classname="com.RBIA.tc.TC004_RBIBasicDetails" name="basicDetails" time="123.686"/>
  <testcase classname="com.RBIA.tc.TC004_RBIBasicDetails" name="basicDetails" time="123.662"/>
  <testcase classname="com.RBIA.tc.TC004_RBIBasicDetails" name="basicDetails" time="122.981"/>
  <testcase classname="com.RBIA.tc.TC004_RBIBasicDetails" name="basicDetails" time="123.496"/>
  <testcase classname="com.RBIA.tc.TC004_RBIBasicDetails" name="basicDetails" time="123.387"/>
  <testcase classname="com.RBIA.tc.TC004_RBIBasicDetails" name="basicDetails" time="123.793"/>
  <testcase classname="com.RBIA.tc.TC004_RBIBasicDetails" name="basicDetails" time="123.502"/>
</testsuite> <!-- com.RBIA.tc.TC004_RBIBasicDetails -->
